                                      1 ;--------------------------------------------------------
                                      2 ; File Created by SDCC : free open source ANSI-C Compiler
                                      3 ; Version 3.6.0 #9615 (MINGW64)
                                      4 ;--------------------------------------------------------
                                      5 	.module keypad
                                      6 	.optsdcc -mstm8
                                      7 	
                                      8 ;--------------------------------------------------------
                                      9 ; Public variables in this module
                                     10 ;--------------------------------------------------------
                                     11 	.globl _GPIO_ReadInputPin
                                     12 	.globl _GPIO_Init
                                     13 	.globl _key
                                     14 	.globl _touch_pad_init
                                     15 	.globl _touch_get
                                     16 	.globl _tp_get
                                     17 ;--------------------------------------------------------
                                     18 ; ram data
                                     19 ;--------------------------------------------------------
                                     20 	.area DATA
      000000                         21 _key::
      000000                         22 	.ds 39
                                     23 ;--------------------------------------------------------
                                     24 ; ram data
                                     25 ;--------------------------------------------------------
                                     26 	.area INITIALIZED
                                     27 ;--------------------------------------------------------
                                     28 ; absolute external ram data
                                     29 ;--------------------------------------------------------
                                     30 	.area DABS (ABS)
                                     31 ;--------------------------------------------------------
                                     32 ; global & static initialisations
                                     33 ;--------------------------------------------------------
                                     34 	.area HOME
                                     35 	.area GSINIT
                                     36 	.area GSFINAL
                                     37 	.area GSINIT
                                     38 ;--------------------------------------------------------
                                     39 ; Home
                                     40 ;--------------------------------------------------------
                                     41 	.area HOME
                                     42 	.area HOME
                                     43 ;--------------------------------------------------------
                                     44 ; code
                                     45 ;--------------------------------------------------------
                                     46 	.area CODE
                                     47 ;	user/keypad.c: 7: void touch_pad_init(void)
                                     48 ;	-----------------------------------------
                                     49 ;	 function touch_pad_init
                                     50 ;	-----------------------------------------
      000000                         51 _touch_pad_init:
      000000 52 04            [ 2]   52 	sub	sp, #4
                                     53 ;	user/keypad.c: 9: GPIO_Init(KEY_PORT1, KEY1|KEY2|KEY3|KEY4|KEY5, GPIO_MODE_IN_PU_NO_IT);
      000002 4B 40            [ 1]   54 	push	#0x40
      000004 4B 9D            [ 1]   55 	push	#0x9d
      000006 4B 0F            [ 1]   56 	push	#0x0f
      000008 4B 50            [ 1]   57 	push	#0x50
      00000A CDr00r00         [ 4]   58 	call	_GPIO_Init
      00000D 5B 04            [ 2]   59 	addw	sp, #4
                                     60 ;	user/keypad.c: 10: GPIO_Init(KEY_PORT2, KEY6|KEY7|KEY8, GPIO_MODE_IN_PU_NO_IT);
      00000F 4B 40            [ 1]   61 	push	#0x40
      000011 4B 1C            [ 1]   62 	push	#0x1c
      000013 4B 0A            [ 1]   63 	push	#0x0a
      000015 4B 50            [ 1]   64 	push	#0x50
      000017 CDr00r00         [ 4]   65 	call	_GPIO_Init
      00001A 5B 04            [ 2]   66 	addw	sp, #4
                                     67 ;	user/keypad.c: 11: for(key.name = 0; key.name < NUM_KEY; key.name++)
      00001C 90 AEr00r00      [ 2]   68 	ldw	y, #_key+0
      000020 90 7F            [ 1]   69 	clr	(y)
      000022                         70 00103$:
      000022 90 F6            [ 1]   71 	ld	a, (y)
      000024 A1 08            [ 1]   72 	cp	a, #0x08
      000026 24 37            [ 1]   73 	jrnc	00105$
                                     74 ;	user/keypad.c: 13: key.ext[key.name].press = key.ext[key.name].press = TP_RELEASE;
      000028 AEr00r00         [ 2]   75 	ldw	x, #_key+0
      00002B 1F 01            [ 2]   76 	ldw	(0x01, sp), x
      00002D 1E 01            [ 2]   77 	ldw	x, (0x01, sp)
      00002F 5C               [ 2]   78 	incw	x
      000030 1F 03            [ 2]   79 	ldw	(0x03, sp), x
      000032 1E 01            [ 2]   80 	ldw	x, (0x01, sp)
      000034 F6               [ 1]   81 	ld	a, (x)
      000035 48               [ 1]   82 	sll	a
      000036 48               [ 1]   83 	sll	a
      000037 5F               [ 1]   84 	clrw	x
      000038 97               [ 1]   85 	ld	xl, a
      000039 72 FB 03         [ 2]   86 	addw	x, (0x03, sp)
      00003C 5C               [ 2]   87 	incw	x
      00003D 7F               [ 1]   88 	clr	(x)
      00003E 7F               [ 1]   89 	clr	(x)
                                     90 ;	user/keypad.c: 14: key.ext[key.name].waitRelease = 0;
      00003F 1E 01            [ 2]   91 	ldw	x, (0x01, sp)
      000041 F6               [ 1]   92 	ld	a, (x)
      000042 48               [ 1]   93 	sll	a
      000043 48               [ 1]   94 	sll	a
      000044 5F               [ 1]   95 	clrw	x
      000045 97               [ 1]   96 	ld	xl, a
      000046 72 FB 03         [ 2]   97 	addw	x, (0x03, sp)
      000049 5C               [ 2]   98 	incw	x
      00004A 5C               [ 2]   99 	incw	x
      00004B 7F               [ 1]  100 	clr	(x)
                                    101 ;	user/keypad.c: 15: key.ext[key.name].cnt = 0;
      00004C 1E 01            [ 2]  102 	ldw	x, (0x01, sp)
      00004E F6               [ 1]  103 	ld	a, (x)
      00004F 48               [ 1]  104 	sll	a
      000050 48               [ 1]  105 	sll	a
      000051 5F               [ 1]  106 	clrw	x
      000052 97               [ 1]  107 	ld	xl, a
      000053 72 FB 03         [ 2]  108 	addw	x, (0x03, sp)
      000056 1C 00 03         [ 2]  109 	addw	x, #0x0003
      000059 7F               [ 1]  110 	clr	(x)
                                    111 ;	user/keypad.c: 11: for(key.name = 0; key.name < NUM_KEY; key.name++)
      00005A 1E 01            [ 2]  112 	ldw	x, (0x01, sp)
      00005C 7C               [ 1]  113 	inc	(x)
      00005D 20 C3            [ 2]  114 	jra	00103$
      00005F                        115 00105$:
      00005F 5B 04            [ 2]  116 	addw	sp, #4
      000061 81               [ 4]  117 	ret
                                    118 ;	user/keypad.c: 19: void touch_get(uint8_t port_id){
                                    119 ;	-----------------------------------------
                                    120 ;	 function touch_get
                                    121 ;	-----------------------------------------
      000062                        122 _touch_get:
      000062 52 04            [ 2]  123 	sub	sp, #4
                                    124 ;	user/keypad.c: 25: key.ext[port_id].press = TP_PRESS;
      000064 7B 07            [ 1]  125 	ld	a, (0x07, sp)
      000066 48               [ 1]  126 	sll	a
      000067 48               [ 1]  127 	sll	a
      000068 6B 04            [ 1]  128 	ld	(0x04, sp), a
                                    129 ;	user/keypad.c: 21: switch(port_id){
      00006A 7B 07            [ 1]  130 	ld	a, (0x07, sp)
      00006C A1 00            [ 1]  131 	cp	a, #0x00
      00006E 27 18            [ 1]  132 	jreq	00101$
      000070 7B 07            [ 1]  133 	ld	a, (0x07, sp)
      000072 A1 01            [ 1]  134 	cp	a, #0x01
      000074 27 42            [ 1]  135 	jreq	00105$
      000076 7B 07            [ 1]  136 	ld	a, (0x07, sp)
      000078 A1 02            [ 1]  137 	cp	a, #0x02
      00007A 27 6A            [ 1]  138 	jreq	00109$
      00007C 7B 07            [ 1]  139 	ld	a, (0x07, sp)
      00007E A1 03            [ 1]  140 	cp	a, #0x03
      000080 26 03            [ 1]  141 	jrne	00175$
      000082 CCr01r14         [ 2]  142 	jp	00113$
      000085                        143 00175$:
      000085 CCr01r40         [ 2]  144 	jp	00117$
                                    145 ;	user/keypad.c: 22: case 0:
      000088                        146 00101$:
                                    147 ;	user/keypad.c: 23: keyGet = KEY5_In();
      000088 4B 80            [ 1]  148 	push	#0x80
      00008A 4B 0F            [ 1]  149 	push	#0x0f
      00008C 4B 50            [ 1]  150 	push	#0x50
      00008E CDr00r00         [ 4]  151 	call	_GPIO_ReadInputPin
      000091 5B 03            [ 2]  152 	addw	sp, #3
      000093 5F               [ 1]  153 	clrw	x
      000094 97               [ 1]  154 	ld	xl, a
                                    155 ;	user/keypad.c: 24: if(keyGet == 0)
      000095 5D               [ 2]  156 	tnzw	x
      000096 26 11            [ 1]  157 	jrne	00103$
                                    158 ;	user/keypad.c: 25: key.ext[port_id].press = TP_PRESS;
      000098 AEr00r01         [ 2]  159 	ldw	x, #_key+1
      00009B 9F               [ 1]  160 	ld	a, xl
      00009C 1B 04            [ 1]  161 	add	a, (0x04, sp)
      00009E 02               [ 1]  162 	rlwa	x
      00009F A9 00            [ 1]  163 	adc	a, #0x00
      0000A1 95               [ 1]  164 	ld	xh, a
      0000A2 5C               [ 2]  165 	incw	x
      0000A3 A6 01            [ 1]  166 	ld	a, #0x01
      0000A5 F7               [ 1]  167 	ld	(x), a
      0000A6 CCr01r40         [ 2]  168 	jp	00117$
      0000A9                        169 00103$:
                                    170 ;	user/keypad.c: 27: key.ext[port_id].press = TP_RELEASE;
      0000A9 AEr00r01         [ 2]  171 	ldw	x, #_key+1
      0000AC 9F               [ 1]  172 	ld	a, xl
      0000AD 1B 04            [ 1]  173 	add	a, (0x04, sp)
      0000AF 02               [ 1]  174 	rlwa	x
      0000B0 A9 00            [ 1]  175 	adc	a, #0x00
      0000B2 95               [ 1]  176 	ld	xh, a
      0000B3 5C               [ 2]  177 	incw	x
      0000B4 7F               [ 1]  178 	clr	(x)
                                    179 ;	user/keypad.c: 28: break;
      0000B5 CCr01r40         [ 2]  180 	jp	00117$
                                    181 ;	user/keypad.c: 29: case 1:
      0000B8                        182 00105$:
                                    183 ;	user/keypad.c: 30: keyGet = KEY6_In();
      0000B8 4B 04            [ 1]  184 	push	#0x04
      0000BA 4B 0A            [ 1]  185 	push	#0x0a
      0000BC 4B 50            [ 1]  186 	push	#0x50
      0000BE CDr00r00         [ 4]  187 	call	_GPIO_ReadInputPin
      0000C1 5B 03            [ 2]  188 	addw	sp, #3
      0000C3 5F               [ 1]  189 	clrw	x
      0000C4 97               [ 1]  190 	ld	xl, a
                                    191 ;	user/keypad.c: 31: if(keyGet == 0)
      0000C5 5D               [ 2]  192 	tnzw	x
      0000C6 26 10            [ 1]  193 	jrne	00107$
                                    194 ;	user/keypad.c: 32: key.ext[port_id].press = TP_PRESS;
      0000C8 AEr00r01         [ 2]  195 	ldw	x, #_key+1
      0000CB 9F               [ 1]  196 	ld	a, xl
      0000CC 1B 04            [ 1]  197 	add	a, (0x04, sp)
      0000CE 02               [ 1]  198 	rlwa	x
      0000CF A9 00            [ 1]  199 	adc	a, #0x00
      0000D1 95               [ 1]  200 	ld	xh, a
      0000D2 5C               [ 2]  201 	incw	x
      0000D3 A6 01            [ 1]  202 	ld	a, #0x01
      0000D5 F7               [ 1]  203 	ld	(x), a
      0000D6 20 68            [ 2]  204 	jra	00117$
      0000D8                        205 00107$:
                                    206 ;	user/keypad.c: 34: key.ext[port_id].press = TP_RELEASE;
      0000D8 AEr00r01         [ 2]  207 	ldw	x, #_key+1
      0000DB 9F               [ 1]  208 	ld	a, xl
      0000DC 1B 04            [ 1]  209 	add	a, (0x04, sp)
      0000DE 02               [ 1]  210 	rlwa	x
      0000DF A9 00            [ 1]  211 	adc	a, #0x00
      0000E1 95               [ 1]  212 	ld	xh, a
      0000E2 5C               [ 2]  213 	incw	x
      0000E3 7F               [ 1]  214 	clr	(x)
                                    215 ;	user/keypad.c: 35: break;
      0000E4 20 5A            [ 2]  216 	jra	00117$
                                    217 ;	user/keypad.c: 36: case 2:
      0000E6                        218 00109$:
                                    219 ;	user/keypad.c: 37: keyGet = KEY8_In();
      0000E6 4B 10            [ 1]  220 	push	#0x10
      0000E8 4B 0A            [ 1]  221 	push	#0x0a
      0000EA 4B 50            [ 1]  222 	push	#0x50
      0000EC CDr00r00         [ 4]  223 	call	_GPIO_ReadInputPin
      0000EF 5B 03            [ 2]  224 	addw	sp, #3
      0000F1 5F               [ 1]  225 	clrw	x
      0000F2 97               [ 1]  226 	ld	xl, a
                                    227 ;	user/keypad.c: 38: if(keyGet == 0)
      0000F3 5D               [ 2]  228 	tnzw	x
      0000F4 26 10            [ 1]  229 	jrne	00111$
                                    230 ;	user/keypad.c: 39: key.ext[port_id].press = TP_PRESS;
      0000F6 AEr00r01         [ 2]  231 	ldw	x, #_key+1
      0000F9 9F               [ 1]  232 	ld	a, xl
      0000FA 1B 04            [ 1]  233 	add	a, (0x04, sp)
      0000FC 02               [ 1]  234 	rlwa	x
      0000FD A9 00            [ 1]  235 	adc	a, #0x00
      0000FF 95               [ 1]  236 	ld	xh, a
      000100 5C               [ 2]  237 	incw	x
      000101 A6 01            [ 1]  238 	ld	a, #0x01
      000103 F7               [ 1]  239 	ld	(x), a
      000104 20 3A            [ 2]  240 	jra	00117$
      000106                        241 00111$:
                                    242 ;	user/keypad.c: 41: key.ext[port_id].press = TP_RELEASE;
      000106 AEr00r01         [ 2]  243 	ldw	x, #_key+1
      000109 9F               [ 1]  244 	ld	a, xl
      00010A 1B 04            [ 1]  245 	add	a, (0x04, sp)
      00010C 02               [ 1]  246 	rlwa	x
      00010D A9 00            [ 1]  247 	adc	a, #0x00
      00010F 95               [ 1]  248 	ld	xh, a
      000110 5C               [ 2]  249 	incw	x
      000111 7F               [ 1]  250 	clr	(x)
                                    251 ;	user/keypad.c: 42: break;
      000112 20 2C            [ 2]  252 	jra	00117$
                                    253 ;	user/keypad.c: 43: case 3:
      000114                        254 00113$:
                                    255 ;	user/keypad.c: 44: keyGet = KEY7_In();
      000114 4B 08            [ 1]  256 	push	#0x08
      000116 4B 0A            [ 1]  257 	push	#0x0a
      000118 4B 50            [ 1]  258 	push	#0x50
      00011A CDr00r00         [ 4]  259 	call	_GPIO_ReadInputPin
      00011D 5B 03            [ 2]  260 	addw	sp, #3
      00011F 5F               [ 1]  261 	clrw	x
      000120 97               [ 1]  262 	ld	xl, a
                                    263 ;	user/keypad.c: 45: if(keyGet == 0)
      000121 5D               [ 2]  264 	tnzw	x
      000122 26 10            [ 1]  265 	jrne	00115$
                                    266 ;	user/keypad.c: 46: key.ext[port_id].press = TP_PRESS;
      000124 AEr00r01         [ 2]  267 	ldw	x, #_key+1
      000127 9F               [ 1]  268 	ld	a, xl
      000128 1B 04            [ 1]  269 	add	a, (0x04, sp)
      00012A 02               [ 1]  270 	rlwa	x
      00012B A9 00            [ 1]  271 	adc	a, #0x00
      00012D 95               [ 1]  272 	ld	xh, a
      00012E 5C               [ 2]  273 	incw	x
      00012F A6 01            [ 1]  274 	ld	a, #0x01
      000131 F7               [ 1]  275 	ld	(x), a
      000132 20 0C            [ 2]  276 	jra	00117$
      000134                        277 00115$:
                                    278 ;	user/keypad.c: 48: key.ext[port_id].press = TP_RELEASE;
      000134 AEr00r01         [ 2]  279 	ldw	x, #_key+1
      000137 9F               [ 1]  280 	ld	a, xl
      000138 1B 04            [ 1]  281 	add	a, (0x04, sp)
      00013A 02               [ 1]  282 	rlwa	x
      00013B A9 00            [ 1]  283 	adc	a, #0x00
      00013D 95               [ 1]  284 	ld	xh, a
      00013E 5C               [ 2]  285 	incw	x
      00013F 7F               [ 1]  286 	clr	(x)
                                    287 ;	user/keypad.c: 50: }
      000140                        288 00117$:
                                    289 ;	user/keypad.c: 51: if(key.ext[port_id].press != key.ext[port_id].pressed)
      000140 AEr00r01         [ 2]  290 	ldw	x, #_key+1
      000143 9F               [ 1]  291 	ld	a, xl
      000144 1B 04            [ 1]  292 	add	a, (0x04, sp)
      000146 6B 02            [ 1]  293 	ld	(0x02, sp), a
      000148 9E               [ 1]  294 	ld	a, xh
      000149 A9 00            [ 1]  295 	adc	a, #0x00
      00014B 6B 01            [ 1]  296 	ld	(0x01, sp), a
      00014D 1E 01            [ 2]  297 	ldw	x, (0x01, sp)
      00014F E6 01            [ 1]  298 	ld	a, (0x1, x)
      000151 1E 01            [ 2]  299 	ldw	x, (0x01, sp)
      000153 88               [ 1]  300 	push	a
      000154 F6               [ 1]  301 	ld	a, (x)
      000155 6B 04            [ 1]  302 	ld	(0x04, sp), a
      000157 84               [ 1]  303 	pop	a
                                    304 ;	user/keypad.c: 53: ++(key.ext[port_id].cnt);
      000158 1E 01            [ 2]  305 	ldw	x, (0x01, sp)
      00015A 1C 00 03         [ 2]  306 	addw	x, #0x0003
                                    307 ;	user/keypad.c: 51: if(key.ext[port_id].press != key.ext[port_id].pressed)
      00015D 11 03            [ 1]  308 	cp	a, (0x03, sp)
      00015F 27 12            [ 1]  309 	jreq	00121$
                                    310 ;	user/keypad.c: 53: ++(key.ext[port_id].cnt);
      000161 F6               [ 1]  311 	ld	a, (x)
      000162 4C               [ 1]  312 	inc	a
      000163 F7               [ 1]  313 	ld	(x), a
                                    314 ;	user/keypad.c: 54: if(key.ext[port_id].cnt == NUM_OF_SAMPLE_KEY)
      000164 A1 0A            [ 1]  315 	cp	a, #0x0a
      000166 26 0C            [ 1]  316 	jrne	00123$
                                    317 ;	user/keypad.c: 56: key.ext[port_id].pressed = key.ext[port_id].pressed;
      000168 16 01            [ 2]  318 	ldw	y, (0x01, sp)
      00016A 90 F6            [ 1]  319 	ld	a, (y)
      00016C 16 01            [ 2]  320 	ldw	y, (0x01, sp)
      00016E 90 F7            [ 1]  321 	ld	(y), a
                                    322 ;	user/keypad.c: 57: key.ext[port_id].cnt = 0;
      000170 7F               [ 1]  323 	clr	(x)
      000171 20 01            [ 2]  324 	jra	00123$
      000173                        325 00121$:
                                    326 ;	user/keypad.c: 62: key.ext[port_id].cnt = 0;
      000173 7F               [ 1]  327 	clr	(x)
      000174                        328 00123$:
      000174 5B 04            [ 2]  329 	addw	sp, #4
      000176 81               [ 4]  330 	ret
                                    331 ;	user/keypad.c: 66: uint8_t tp_get(uint8_t id){
                                    332 ;	-----------------------------------------
                                    333 ;	 function tp_get
                                    334 ;	-----------------------------------------
      000177                        335 _tp_get:
      000177 89               [ 2]  336 	pushw	x
                                    337 ;	user/keypad.c: 67: return key.ext[id].pressed;
      000178 AEr00r01         [ 2]  338 	ldw	x, #_key+1
      00017B 1F 01            [ 2]  339 	ldw	(0x01, sp), x
      00017D 7B 05            [ 1]  340 	ld	a, (0x05, sp)
      00017F 48               [ 1]  341 	sll	a
      000180 48               [ 1]  342 	sll	a
      000181 5F               [ 1]  343 	clrw	x
      000182 97               [ 1]  344 	ld	xl, a
      000183 72 FB 01         [ 2]  345 	addw	x, (0x01, sp)
      000186 F6               [ 1]  346 	ld	a, (x)
      000187 85               [ 2]  347 	popw	x
      000188 81               [ 4]  348 	ret
                                    349 	.area CODE
                                    350 	.area INITIALIZER
                                    351 	.area CABS (ABS)
