                                      1 ;--------------------------------------------------------
                                      2 ; File Created by SDCC : free open source ANSI-C Compiler
                                      3 ; Version 3.6.0 #9615 (Mac OS X x86_64)
                                      4 ;--------------------------------------------------------
                                      5 	.module debug
                                      6 	.optsdcc -mstm8
                                      7 	
                                      8 ;--------------------------------------------------------
                                      9 ; Public variables in this module
                                     10 ;--------------------------------------------------------
                                     11 	.globl _usart_send
                                     12 	.globl _UART1_GetFlagStatus
                                     13 	.globl _UART1_SendData8
                                     14 	.globl _UART1_ITConfig
                                     15 	.globl _UART1_Cmd
                                     16 	.globl _UART1_Init
                                     17 	.globl _UART1_DeInit
                                     18 	.globl _IWDG_ReloadCounter
                                     19 	.globl _GPIO_Init
                                     20 	.globl _CLK_PeripheralClockConfig
                                     21 	.globl _debug_Init
                                     22 	.globl _info
                                     23 	.globl _debugInfo
                                     24 ;--------------------------------------------------------
                                     25 ; ram data
                                     26 ;--------------------------------------------------------
                                     27 	.area DATA
                                     28 ;--------------------------------------------------------
                                     29 ; ram data
                                     30 ;--------------------------------------------------------
                                     31 	.area INITIALIZED
                                     32 ;--------------------------------------------------------
                                     33 ; absolute external ram data
                                     34 ;--------------------------------------------------------
                                     35 	.area DABS (ABS)
                                     36 ;--------------------------------------------------------
                                     37 ; global & static initialisations
                                     38 ;--------------------------------------------------------
                                     39 	.area HOME
                                     40 	.area GSINIT
                                     41 	.area GSFINAL
                                     42 	.area GSINIT
                                     43 ;--------------------------------------------------------
                                     44 ; Home
                                     45 ;--------------------------------------------------------
                                     46 	.area HOME
                                     47 	.area HOME
                                     48 ;--------------------------------------------------------
                                     49 ; code
                                     50 ;--------------------------------------------------------
                                     51 	.area CODE
                                     52 ;	user/debug.c: 3: void debug_Init(void)
                                     53 ;	-----------------------------------------
                                     54 ;	 function debug_Init
                                     55 ;	-----------------------------------------
      000000                         56 _debug_Init:
                                     57 ;	user/debug.c: 5: GPIO_Init(GPIOD, GPIO_PIN_5, GPIO_MODE_OUT_OD_HIZ_FAST);
      000000 4B B0            [ 1]   58 	push	#0xb0
      000002 4B 20            [ 1]   59 	push	#0x20
      000004 4B 0F            [ 1]   60 	push	#0x0f
      000006 4B 50            [ 1]   61 	push	#0x50
      000008 CDr00r00         [ 4]   62 	call	_GPIO_Init
      00000B 5B 04            [ 2]   63 	addw	sp, #4
                                     64 ;	user/debug.c: 6: GPIO_Init(GPIOD, GPIO_PIN_6, GPIO_MODE_IN_PU_NO_IT);
      00000D 4B 40            [ 1]   65 	push	#0x40
      00000F 4B 40            [ 1]   66 	push	#0x40
      000011 4B 0F            [ 1]   67 	push	#0x0f
      000013 4B 50            [ 1]   68 	push	#0x50
      000015 CDr00r00         [ 4]   69 	call	_GPIO_Init
      000018 5B 04            [ 2]   70 	addw	sp, #4
                                     71 ;	user/debug.c: 7: CLK_PeripheralClockConfig(CLK_PERIPHERAL_UART1 , ENABLE); 
      00001A 4B 01            [ 1]   72 	push	#0x01
      00001C 4B 03            [ 1]   73 	push	#0x03
      00001E CDr00r00         [ 4]   74 	call	_CLK_PeripheralClockConfig
      000021 85               [ 2]   75 	popw	x
                                     76 ;	user/debug.c: 9: UART1_DeInit();
      000022 CDr00r00         [ 4]   77 	call	_UART1_DeInit
                                     78 ;	user/debug.c: 11: UART1_Init((uint32_t)9600, UART1_WORDLENGTH_8D, UART1_STOPBITS_1, UART1_PARITY_NO,
      000025 4B 0C            [ 1]   79 	push	#0x0c
      000027 4B 80            [ 1]   80 	push	#0x80
      000029 4B 00            [ 1]   81 	push	#0x00
      00002B 4B 00            [ 1]   82 	push	#0x00
      00002D 4B 00            [ 1]   83 	push	#0x00
      00002F 4B 80            [ 1]   84 	push	#0x80
      000031 4B 25            [ 1]   85 	push	#0x25
      000033 5F               [ 1]   86 	clrw	x
      000034 89               [ 2]   87 	pushw	x
      000035 CDr00r00         [ 4]   88 	call	_UART1_Init
      000038 5B 09            [ 2]   89 	addw	sp, #9
                                     90 ;	user/debug.c: 14: UART1_ITConfig(UART1_IT_RXNE_OR, ENABLE);    
      00003A 4B 01            [ 1]   91 	push	#0x01
      00003C 4B 05            [ 1]   92 	push	#0x05
      00003E 4B 02            [ 1]   93 	push	#0x02
      000040 CDr00r00         [ 4]   94 	call	_UART1_ITConfig
      000043 5B 03            [ 2]   95 	addw	sp, #3
                                     96 ;	user/debug.c: 16: UART1_Cmd(ENABLE);  
      000045 4B 01            [ 1]   97 	push	#0x01
      000047 CDr00r00         [ 4]   98 	call	_UART1_Cmd
      00004A 84               [ 1]   99 	pop	a
      00004B 81               [ 4]  100 	ret
                                    101 ;	user/debug.c: 19: void usart_send(uint8_t *data)
                                    102 ;	-----------------------------------------
                                    103 ;	 function usart_send
                                    104 ;	-----------------------------------------
      00004C                        105 _usart_send:
      00004C 52 03            [ 2]  106 	sub	sp, #3
                                    107 ;	user/debug.c: 23: while(data[cnt])
      00004E 0F 01            [ 1]  108 	clr	(0x01, sp)
      000050                        109 00105$:
      000050 5F               [ 1]  110 	clrw	x
      000051 7B 01            [ 1]  111 	ld	a, (0x01, sp)
      000053 97               [ 1]  112 	ld	xl, a
      000054 72 FB 06         [ 2]  113 	addw	x, (0x06, sp)
      000057 F6               [ 1]  114 	ld	a, (x)
      000058 4D               [ 1]  115 	tnz	a
      000059 27 2D            [ 1]  116 	jreq	00108$
                                    117 ;	user/debug.c: 26: UART1_SendData8(data[cnt++]);
      00005B 7B 01            [ 1]  118 	ld	a, (0x01, sp)
      00005D 0C 01            [ 1]  119 	inc	(0x01, sp)
      00005F 5F               [ 1]  120 	clrw	x
      000060 97               [ 1]  121 	ld	xl, a
      000061 72 FB 06         [ 2]  122 	addw	x, (0x06, sp)
      000064 F6               [ 1]  123 	ld	a, (x)
      000065 88               [ 1]  124 	push	a
      000066 CDr00r00         [ 4]  125 	call	_UART1_SendData8
      000069 84               [ 1]  126 	pop	a
                                    127 ;	user/debug.c: 29: while((UART1_GetFlagStatus(UART1_FLAG_TXE) == RESET)&&(timeout--))IWDG_ReloadCounter();
      00006A AE 0F FF         [ 2]  128 	ldw	x, #0x0fff
      00006D                        129 00102$:
      00006D 89               [ 2]  130 	pushw	x
      00006E 4B 80            [ 1]  131 	push	#0x80
      000070 4B 00            [ 1]  132 	push	#0x00
      000072 CDr00r00         [ 4]  133 	call	_UART1_GetFlagStatus
      000075 85               [ 2]  134 	popw	x
      000076 85               [ 2]  135 	popw	x
      000077 4D               [ 1]  136 	tnz	a
      000078 26 D6            [ 1]  137 	jrne	00105$
      00007A 1F 02            [ 2]  138 	ldw	(0x02, sp), x
      00007C 5A               [ 2]  139 	decw	x
      00007D 16 02            [ 2]  140 	ldw	y, (0x02, sp)
      00007F 27 CF            [ 1]  141 	jreq	00105$
      000081 89               [ 2]  142 	pushw	x
      000082 CDr00r00         [ 4]  143 	call	_IWDG_ReloadCounter
      000085 85               [ 2]  144 	popw	x
      000086 20 E5            [ 2]  145 	jra	00102$
      000088                        146 00108$:
      000088 5B 03            [ 2]  147 	addw	sp, #3
      00008A 81               [ 4]  148 	ret
                                    149 ;	user/debug.c: 33: void info(const uint8_t* str)
                                    150 ;	-----------------------------------------
                                    151 ;	 function info
                                    152 ;	-----------------------------------------
      00008B                        153 _info:
                                    154 ;	user/debug.c: 35: usart_send((uint8_t*)str);
      00008B 1E 03            [ 2]  155 	ldw	x, (0x03, sp)
      00008D 89               [ 2]  156 	pushw	x
      00008E CDr00r4C         [ 4]  157 	call	_usart_send
      000091 85               [ 2]  158 	popw	x
      000092 81               [ 4]  159 	ret
                                    160 ;	user/debug.c: 65: void debugInfo(const uint8_t* str, uint8_t *data, uint8_t len)
                                    161 ;	-----------------------------------------
                                    162 ;	 function debugInfo
                                    163 ;	-----------------------------------------
      000093                        164 _debugInfo:
      000093 52 0E            [ 2]  165 	sub	sp, #14
                                    166 ;	user/debug.c: 71: usart_send((uint8_t*)str);
      000095 1E 11            [ 2]  167 	ldw	x, (0x11, sp)
      000097 89               [ 2]  168 	pushw	x
      000098 CDr00r4C         [ 4]  169 	call	_usart_send
      00009B 85               [ 2]  170 	popw	x
                                    171 ;	user/debug.c: 72: for(add = 0; add < len; add++)
      00009C 0F 02            [ 1]  172 	clr	(0x02, sp)
      00009E                        173 00111$:
      00009E 7B 02            [ 1]  174 	ld	a, (0x02, sp)
      0000A0 11 15            [ 1]  175 	cp	a, (0x15, sp)
      0000A2 25 03            [ 1]  176 	jrc	00140$
      0000A4 CCr01r27         [ 2]  177 	jp	00109$
      0000A7                        178 00140$:
                                    179 ;	user/debug.c: 74: dat = data[add];
      0000A7 5F               [ 1]  180 	clrw	x
      0000A8 7B 02            [ 1]  181 	ld	a, (0x02, sp)
      0000AA 97               [ 1]  182 	ld	xl, a
      0000AB 72 FB 13         [ 2]  183 	addw	x, (0x13, sp)
      0000AE F6               [ 1]  184 	ld	a, (x)
                                    185 ;	user/debug.c: 75: hnib = dat/16;
      0000AF 90 97            [ 1]  186 	ld	yl, a
      0000B1 4E               [ 1]  187 	swap	a
      0000B2 A4 0F            [ 1]  188 	and	a, #0x0f
      0000B4 61               [ 1]  189 	exg	a, yl
                                    190 ;	user/debug.c: 76: lnib = dat%16;
      0000B5 A4 0F            [ 1]  191 	and	a, #0x0f
      0000B7 6B 01            [ 1]  192 	ld	(0x01, sp), a
                                    193 ;	user/debug.c: 77: ascii[0] = '0';
      0000B9 96               [ 1]  194 	ldw	x, sp
      0000BA 1C 00 03         [ 2]  195 	addw	x, #3
      0000BD 1F 0D            [ 2]  196 	ldw	(0x0d, sp), x
      0000BF 1E 0D            [ 2]  197 	ldw	x, (0x0d, sp)
      0000C1 A6 30            [ 1]  198 	ld	a, #0x30
      0000C3 F7               [ 1]  199 	ld	(x), a
                                    200 ;	user/debug.c: 78: ascii[1] = 'x';
      0000C4 1E 0D            [ 2]  201 	ldw	x, (0x0d, sp)
      0000C6 5C               [ 2]  202 	incw	x
      0000C7 A6 78            [ 1]  203 	ld	a, #0x78
      0000C9 F7               [ 1]  204 	ld	(x), a
                                    205 ;	user/debug.c: 79: ascii[4] = ' ';
      0000CA 1E 0D            [ 2]  206 	ldw	x, (0x0d, sp)
      0000CC A6 20            [ 1]  207 	ld	a, #0x20
      0000CE E7 04            [ 1]  208 	ld	(0x0004, x), a
                                    209 ;	user/debug.c: 80: ascii[5] = 0;
      0000D0 1E 0D            [ 2]  210 	ldw	x, (0x0d, sp)
      0000D2 1C 00 05         [ 2]  211 	addw	x, #0x0005
      0000D5 7F               [ 1]  212 	clr	(x)
                                    213 ;	user/debug.c: 81: if(hnib < 10)
      0000D6 90 9F            [ 1]  214 	ld	a, yl
      0000D8 A1 0A            [ 1]  215 	cp	a, #0x0a
      0000DA 4F               [ 1]  216 	clr	a
      0000DB 49               [ 1]  217 	rlc	a
      0000DC 6B 0C            [ 1]  218 	ld	(0x0c, sp), a
                                    219 ;	user/debug.c: 82: ascii[2] = hnib + '0';
      0000DE 1E 0D            [ 2]  220 	ldw	x, (0x0d, sp)
      0000E0 5C               [ 2]  221 	incw	x
      0000E1 5C               [ 2]  222 	incw	x
      0000E2 61               [ 1]  223 	exg	a, yl
      0000E3 6B 0B            [ 1]  224 	ld	(0x0b, sp), a
      0000E5 61               [ 1]  225 	exg	a, yl
                                    226 ;	user/debug.c: 81: if(hnib < 10)
      0000E6 0D 0C            [ 1]  227 	tnz	(0x0c, sp)
      0000E8 27 05            [ 1]  228 	jreq	00102$
                                    229 ;	user/debug.c: 82: ascii[2] = hnib + '0';
      0000EA 7B 0B            [ 1]  230 	ld	a, (0x0b, sp)
      0000EC AB 30            [ 1]  231 	add	a, #0x30
      0000EE F7               [ 1]  232 	ld	(x), a
      0000EF                        233 00102$:
                                    234 ;	user/debug.c: 83: if(hnib >= 10)
      0000EF 0D 0C            [ 1]  235 	tnz	(0x0c, sp)
      0000F1 26 05            [ 1]  236 	jrne	00104$
                                    237 ;	user/debug.c: 84: ascii[2] = (hnib - 10) + 'A';
      0000F3 7B 0B            [ 1]  238 	ld	a, (0x0b, sp)
      0000F5 AB 37            [ 1]  239 	add	a, #0x37
      0000F7 F7               [ 1]  240 	ld	(x), a
      0000F8                        241 00104$:
                                    242 ;	user/debug.c: 85: if(lnib < 10)
      0000F8 7B 01            [ 1]  243 	ld	a, (0x01, sp)
      0000FA A1 0A            [ 1]  244 	cp	a, #0x0a
      0000FC 4F               [ 1]  245 	clr	a
      0000FD 49               [ 1]  246 	rlc	a
      0000FE 6B 0A            [ 1]  247 	ld	(0x0a, sp), a
                                    248 ;	user/debug.c: 86: ascii[3] = lnib + '0';
      000100 1E 0D            [ 2]  249 	ldw	x, (0x0d, sp)
      000102 1C 00 03         [ 2]  250 	addw	x, #0x0003
      000105 7B 01            [ 1]  251 	ld	a, (0x01, sp)
      000107 6B 09            [ 1]  252 	ld	(0x09, sp), a
                                    253 ;	user/debug.c: 85: if(lnib < 10)
      000109 0D 0A            [ 1]  254 	tnz	(0x0a, sp)
      00010B 27 05            [ 1]  255 	jreq	00106$
                                    256 ;	user/debug.c: 86: ascii[3] = lnib + '0';
      00010D 7B 09            [ 1]  257 	ld	a, (0x09, sp)
      00010F AB 30            [ 1]  258 	add	a, #0x30
      000111 F7               [ 1]  259 	ld	(x), a
      000112                        260 00106$:
                                    261 ;	user/debug.c: 87: if(lnib >= 10)
      000112 0D 0A            [ 1]  262 	tnz	(0x0a, sp)
      000114 26 05            [ 1]  263 	jrne	00108$
                                    264 ;	user/debug.c: 88: ascii[3] = (lnib - 10) + 'A';
      000116 7B 09            [ 1]  265 	ld	a, (0x09, sp)
      000118 AB 37            [ 1]  266 	add	a, #0x37
      00011A F7               [ 1]  267 	ld	(x), a
      00011B                        268 00108$:
                                    269 ;	user/debug.c: 89: usart_send(ascii);
      00011B 1E 0D            [ 2]  270 	ldw	x, (0x0d, sp)
      00011D 89               [ 2]  271 	pushw	x
      00011E CDr00r4C         [ 4]  272 	call	_usart_send
      000121 85               [ 2]  273 	popw	x
                                    274 ;	user/debug.c: 72: for(add = 0; add < len; add++)
      000122 0C 02            [ 1]  275 	inc	(0x02, sp)
      000124 CCr00r9E         [ 2]  276 	jp	00111$
      000127                        277 00109$:
                                    278 ;	user/debug.c: 91: usart_send("\r\n");
      000127 AEr01r31         [ 2]  279 	ldw	x, #___str_0+0
      00012A 89               [ 2]  280 	pushw	x
      00012B CDr00r4C         [ 4]  281 	call	_usart_send
      00012E 5B 10            [ 2]  282 	addw	sp, #16
      000130 81               [ 4]  283 	ret
                                    284 	.area CODE
      000131                        285 ___str_0:
      000131 0D                     286 	.db 0x0d
      000132 0A                     287 	.db 0x0a
      000133 00                     288 	.db 0x00
                                    289 	.area INITIALIZER
                                    290 	.area CABS (ABS)
