                                      1 ;--------------------------------------------------------
                                      2 ; File Created by SDCC : free open source ANSI-C Compiler
                                      3 ; Version 3.6.0 #9615 (MINGW64)
                                      4 ;--------------------------------------------------------
                                      5 	.module system
                                      6 	.optsdcc -mstm8
                                      7 	
                                      8 ;--------------------------------------------------------
                                      9 ; Public variables in this module
                                     10 ;--------------------------------------------------------
                                     11 	.globl _led_change
                                     12 	.globl _led_getstatus
                                     13 	.globl _sys_WriteCfg
                                     14 	.globl _info
                                     15 	.globl _tp_get
                                     16 	.globl _TIMER_CheckTimeMS
                                     17 	.globl _TIMER_InitTime
                                     18 	.globl _sys
                                     19 	.globl _system_init
                                     20 	.globl _system_checkID
                                     21 	.globl _system_manager
                                     22 ;--------------------------------------------------------
                                     23 ; ram data
                                     24 ;--------------------------------------------------------
                                     25 	.area DATA
      000000                         26 _sys::
      000000                         27 	.ds 17
                                     28 ;--------------------------------------------------------
                                     29 ; ram data
                                     30 ;--------------------------------------------------------
                                     31 	.area INITIALIZED
                                     32 ;--------------------------------------------------------
                                     33 ; absolute external ram data
                                     34 ;--------------------------------------------------------
                                     35 	.area DABS (ABS)
                                     36 ;--------------------------------------------------------
                                     37 ; global & static initialisations
                                     38 ;--------------------------------------------------------
                                     39 	.area HOME
                                     40 	.area GSINIT
                                     41 	.area GSFINAL
                                     42 	.area GSINIT
                                     43 ;--------------------------------------------------------
                                     44 ; Home
                                     45 ;--------------------------------------------------------
                                     46 	.area HOME
                                     47 	.area HOME
                                     48 ;--------------------------------------------------------
                                     49 ; code
                                     50 ;--------------------------------------------------------
                                     51 	.area CODE
                                     52 ;	user/system.c: 11: void system_init(void)
                                     53 ;	-----------------------------------------
                                     54 ;	 function system_init
                                     55 ;	-----------------------------------------
      000000                         56 _system_init:
                                     57 ;	user/system.c: 13: sys.mode = SYS_NOMAL;
      000000 AEr00r00         [ 2]   58 	ldw	x, #_sys+0
      000003 7F               [ 1]   59 	clr	(x)
                                     60 ;	user/system.c: 14: TIMER_InitTime(&sys.tick);
      000004 AEr00r05         [ 2]   61 	ldw	x, #_sys+5
      000007 89               [ 2]   62 	pushw	x
      000008 CDr00r00         [ 4]   63 	call	_TIMER_InitTime
      00000B 85               [ 2]   64 	popw	x
      00000C 81               [ 4]   65 	ret
                                     66 ;	user/system.c: 17: uint8_t system_checkID(uint32_t idGet)
                                     67 ;	-----------------------------------------
                                     68 ;	 function system_checkID
                                     69 ;	-----------------------------------------
      00000D                         70 _system_checkID:
      00000D 52 07            [ 2]   71 	sub	sp, #7
                                     72 ;	user/system.c: 20: for(id = 0; id < MAX_KEY_ID_LEN; id++)
      00000F AEr00r04         [ 2]   73 	ldw	x, #_sysCfg+4
      000012 1F 06            [ 2]   74 	ldw	(0x06, sp), x
      000014 0F 01            [ 1]   75 	clr	(0x01, sp)
      000016                         76 00104$:
                                     77 ;	user/system.c: 22: if(idGet == sysCfg.id[id])
      000016 7B 01            [ 1]   78 	ld	a, (0x01, sp)
      000018 48               [ 1]   79 	sll	a
      000019 48               [ 1]   80 	sll	a
      00001A 5F               [ 1]   81 	clrw	x
      00001B 97               [ 1]   82 	ld	xl, a
      00001C 72 FB 06         [ 2]   83 	addw	x, (0x06, sp)
      00001F E6 03            [ 1]   84 	ld	a, (0x3, x)
      000021 6B 05            [ 1]   85 	ld	(0x05, sp), a
      000023 E6 02            [ 1]   86 	ld	a, (0x2, x)
      000025 6B 04            [ 1]   87 	ld	(0x04, sp), a
      000027 FE               [ 2]   88 	ldw	x, (x)
      000028 1F 02            [ 2]   89 	ldw	(0x02, sp), x
      00002A 1E 0C            [ 2]   90 	ldw	x, (0x0c, sp)
      00002C 13 04            [ 2]   91 	cpw	x, (0x04, sp)
      00002E 26 0A            [ 1]   92 	jrne	00105$
      000030 1E 0A            [ 2]   93 	ldw	x, (0x0a, sp)
      000032 13 02            [ 2]   94 	cpw	x, (0x02, sp)
      000034 26 04            [ 1]   95 	jrne	00105$
                                     96 ;	user/system.c: 23: return 1;
      000036 A6 01            [ 1]   97 	ld	a, #0x01
      000038 20 09            [ 2]   98 	jra	00106$
      00003A                         99 00105$:
                                    100 ;	user/system.c: 20: for(id = 0; id < MAX_KEY_ID_LEN; id++)
      00003A 0C 01            [ 1]  101 	inc	(0x01, sp)
      00003C 7B 01            [ 1]  102 	ld	a, (0x01, sp)
      00003E A1 05            [ 1]  103 	cp	a, #0x05
      000040 25 D4            [ 1]  104 	jrc	00104$
                                    105 ;	user/system.c: 25: return 0;
      000042 4F               [ 1]  106 	clr	a
      000043                        107 00106$:
      000043 5B 07            [ 2]  108 	addw	sp, #7
      000045 81               [ 4]  109 	ret
                                    110 ;	user/system.c: 28: void system_manager(void)
                                    111 ;	-----------------------------------------
                                    112 ;	 function system_manager
                                    113 ;	-----------------------------------------
      000046                        114 _system_manager:
      000046 52 1E            [ 2]  115 	sub	sp, #30
                                    116 ;	user/system.c: 31: if(!TIMER_CheckTimeMS(&sys.tick, 100)){
      000048 AEr00r00         [ 2]  117 	ldw	x, #_sys+0
      00004B 1F 07            [ 2]  118 	ldw	(0x07, sp), x
      00004D 1E 07            [ 2]  119 	ldw	x, (0x07, sp)
      00004F 1C 00 05         [ 2]  120 	addw	x, #0x0005
      000052 4B 64            [ 1]  121 	push	#0x64
      000054 4B 00            [ 1]  122 	push	#0x00
      000056 4B 00            [ 1]  123 	push	#0x00
      000058 4B 00            [ 1]  124 	push	#0x00
      00005A 89               [ 2]  125 	pushw	x
      00005B CDr00r00         [ 4]  126 	call	_TIMER_CheckTimeMS
      00005E 5B 06            [ 2]  127 	addw	sp, #6
      000060 6B 01            [ 1]  128 	ld	(0x01, sp), a
      000062 0D 01            [ 1]  129 	tnz	(0x01, sp)
      000064 27 03            [ 1]  130 	jreq	00209$
      000066 CCr02r31         [ 2]  131 	jp	00135$
      000069                        132 00209$:
                                    133 ;	user/system.c: 32: switch(sys.mode)
      000069 1E 07            [ 2]  134 	ldw	x, (0x07, sp)
      00006B F6               [ 1]  135 	ld	a, (x)
                                    136 ;	user/system.c: 38: if(++sys.keyPressTime > 30)
      00006C 1E 07            [ 2]  137 	ldw	x, (0x07, sp)
      00006E 1C 00 0F         [ 2]  138 	addw	x, #0x000f
      000071 1F 0D            [ 2]  139 	ldw	(0x0d, sp), x
                                    140 ;	user/system.c: 41: sys.setTimeOut = 600;
      000073 1E 07            [ 2]  141 	ldw	x, (0x07, sp)
      000075 1C 00 0B         [ 2]  142 	addw	x, #0x000b
      000078 1F 03            [ 2]  143 	ldw	(0x03, sp), x
                                    144 ;	user/system.c: 43: sys.keyReleaseTime = 100;
      00007A 1E 07            [ 2]  145 	ldw	x, (0x07, sp)
      00007C 1C 00 10         [ 2]  146 	addw	x, #0x0010
      00007F 1F 1B            [ 2]  147 	ldw	(0x1b, sp), x
                                    148 ;	user/system.c: 44: sys.idKeyGet = 0;
      000081 1E 07            [ 2]  149 	ldw	x, (0x07, sp)
      000083 5C               [ 2]  150 	incw	x
      000084 1F 1D            [ 2]  151 	ldw	(0x1d, sp), x
                                    152 ;	user/system.c: 32: switch(sys.mode)
      000086 A1 00            [ 1]  153 	cp	a, #0x00
      000088 27 07            [ 1]  154 	jreq	00101$
      00008A A1 01            [ 1]  155 	cp	a, #0x01
      00008C 27 6A            [ 1]  156 	jreq	00108$
      00008E CCr02r31         [ 2]  157 	jp	00135$
                                    158 ;	user/system.c: 34: case SYS_NOMAL:
      000091                        159 00101$:
                                    160 ;	user/system.c: 35: keyGet = tp_get(TP_SET);
      000091 4B 00            [ 1]  161 	push	#0x00
      000093 CDr00r00         [ 4]  162 	call	_tp_get
      000096 5B 01            [ 2]  163 	addw	sp, #1
                                    164 ;	user/system.c: 36: if(keyGet == TP_PRESS)
      000098 A1 01            [ 1]  165 	cp	a, #0x01
      00009A 26 38            [ 1]  166 	jrne	00105$
                                    167 ;	user/system.c: 38: if(++sys.keyPressTime > 30)
      00009C 1E 0D            [ 2]  168 	ldw	x, (0x0d, sp)
      00009E F6               [ 1]  169 	ld	a, (x)
      00009F 4C               [ 1]  170 	inc	a
      0000A0 F7               [ 1]  171 	ld	(x), a
      0000A1 A1 1E            [ 1]  172 	cp	a, #0x1e
      0000A3 23 2F            [ 2]  173 	jrule	00105$
                                    174 ;	user/system.c: 40: sys.mode = SYS_SET_ID;
      0000A5 1E 07            [ 2]  175 	ldw	x, (0x07, sp)
      0000A7 A6 01            [ 1]  176 	ld	a, #0x01
      0000A9 F7               [ 1]  177 	ld	(x), a
                                    178 ;	user/system.c: 41: sys.setTimeOut = 600;
      0000AA 1E 03            [ 2]  179 	ldw	x, (0x03, sp)
      0000AC 90 AE 02 58      [ 2]  180 	ldw	y, #0x0258
      0000B0 EF 02            [ 2]  181 	ldw	(0x2, x), y
      0000B2 6F 01            [ 1]  182 	clr	(0x1, x)
      0000B4 7F               [ 1]  183 	clr	(x)
                                    184 ;	user/system.c: 42: sys.keyPressTime = 0;
      0000B5 1E 0D            [ 2]  185 	ldw	x, (0x0d, sp)
      0000B7 7F               [ 1]  186 	clr	(x)
                                    187 ;	user/system.c: 43: sys.keyReleaseTime = 100;
      0000B8 1E 1B            [ 2]  188 	ldw	x, (0x1b, sp)
      0000BA A6 64            [ 1]  189 	ld	a, #0x64
      0000BC F7               [ 1]  190 	ld	(x), a
                                    191 ;	user/system.c: 44: sys.idKeyGet = 0;
      0000BD 1E 1D            [ 2]  192 	ldw	x, (0x1d, sp)
      0000BF 90 5F            [ 1]  193 	clrw	y
      0000C1 EF 02            [ 2]  194 	ldw	(0x2, x), y
      0000C3 FF               [ 2]  195 	ldw	(x), y
                                    196 ;	user/system.c: 45: led_change(LED_ON, 0);
      0000C4 4B 00            [ 1]  197 	push	#0x00
      0000C6 4B 01            [ 1]  198 	push	#0x01
      0000C8 CDr00r00         [ 4]  199 	call	_led_change
      0000CB 85               [ 2]  200 	popw	x
                                    201 ;	user/system.c: 46: info("\r\nSet key id.....");
      0000CC AEr02r34         [ 2]  202 	ldw	x, #___str_0+0
      0000CF 89               [ 2]  203 	pushw	x
      0000D0 CDr00r00         [ 4]  204 	call	_info
      0000D3 85               [ 2]  205 	popw	x
      0000D4                        206 00105$:
                                    207 ;	user/system.c: 49: if(sys.idKeyGet != 0)
      0000D4 1E 1D            [ 2]  208 	ldw	x, (0x1d, sp)
      0000D6 89               [ 2]  209 	pushw	x
      0000D7 EE 02            [ 2]  210 	ldw	x, (0x2, x)
      0000D9 51               [ 1]  211 	exgw	x, y
      0000DA 85               [ 2]  212 	popw	x
      0000DB FE               [ 2]  213 	ldw	x, (x)
      0000DC 90 5D            [ 2]  214 	tnzw	y
      0000DE 26 06            [ 1]  215 	jrne	00220$
      0000E0 5D               [ 2]  216 	tnzw	x
      0000E1 26 03            [ 1]  217 	jrne	00220$
      0000E3 CCr02r31         [ 2]  218 	jp	00135$
      0000E6                        219 00220$:
                                    220 ;	user/system.c: 51: sys.idKeyGet = 0;
      0000E6 1E 1D            [ 2]  221 	ldw	x, (0x1d, sp)
      0000E8 90 5F            [ 1]  222 	clrw	y
      0000EA EF 02            [ 2]  223 	ldw	(0x2, x), y
      0000EC FF               [ 2]  224 	ldw	(x), y
                                    225 ;	user/system.c: 52: led_change(LED_FLASH, 10);
      0000ED 4B 0A            [ 1]  226 	push	#0x0a
      0000EF 4B 02            [ 1]  227 	push	#0x02
      0000F1 CDr00r00         [ 4]  228 	call	_led_change
      0000F4 85               [ 2]  229 	popw	x
                                    230 ;	user/system.c: 54: break;
      0000F5 CCr02r31         [ 2]  231 	jp	00135$
                                    232 ;	user/system.c: 55: case SYS_SET_ID:
      0000F8                        233 00108$:
                                    234 ;	user/system.c: 56: if((sysCfg.idLen != 0)&&(led_getstatus() != LED_FLASH))
      0000F8 AEr00r00         [ 2]  235 	ldw	x, #_sysCfg+0
      0000FB 1F 15            [ 2]  236 	ldw	(0x15, sp), x
      0000FD 1E 15            [ 2]  237 	ldw	x, (0x15, sp)
      0000FF 5C               [ 2]  238 	incw	x
      000100 5C               [ 2]  239 	incw	x
      000101 1F 05            [ 2]  240 	ldw	(0x05, sp), x
      000103 1E 05            [ 2]  241 	ldw	x, (0x05, sp)
      000105 FE               [ 2]  242 	ldw	x, (x)
      000106 5D               [ 2]  243 	tnzw	x
      000107 27 0F            [ 1]  244 	jreq	00110$
      000109 CDr00r00         [ 4]  245 	call	_led_getstatus
      00010C A1 02            [ 1]  246 	cp	a, #0x02
      00010E 27 08            [ 1]  247 	jreq	00110$
                                    248 ;	user/system.c: 57: led_change(LED_ON, 0);
      000110 4B 00            [ 1]  249 	push	#0x00
      000112 4B 01            [ 1]  250 	push	#0x01
      000114 CDr00r00         [ 4]  251 	call	_led_change
      000117 85               [ 2]  252 	popw	x
      000118                        253 00110$:
                                    254 ;	user/system.c: 58: if(sys.keyReleaseTime != 0)
      000118 1E 1B            [ 2]  255 	ldw	x, (0x1b, sp)
      00011A F6               [ 1]  256 	ld	a, (x)
      00011B 4D               [ 1]  257 	tnz	a
      00011C 27 07            [ 1]  258 	jreq	00113$
                                    259 ;	user/system.c: 60: sys.keyReleaseTime--;
      00011E 4A               [ 1]  260 	dec	a
      00011F 1E 1B            [ 2]  261 	ldw	x, (0x1b, sp)
      000121 F7               [ 1]  262 	ld	(x), a
                                    263 ;	user/system.c: 61: sys.keyPressTime = 0;
      000122 1E 0D            [ 2]  264 	ldw	x, (0x0d, sp)
      000124 7F               [ 1]  265 	clr	(x)
      000125                        266 00113$:
                                    267 ;	user/system.c: 63: keyGet = tp_get(TP_SET);
      000125 4B 00            [ 1]  268 	push	#0x00
      000127 CDr00r00         [ 4]  269 	call	_tp_get
      00012A 5B 01            [ 2]  270 	addw	sp, #1
                                    271 ;	user/system.c: 68: for(sysCfg.idLen = 0; sysCfg.idLen < MAX_KEY_ID_LEN; sysCfg.idLen++)
      00012C 1E 15            [ 2]  272 	ldw	x, (0x15, sp)
      00012E 1C 00 04         [ 2]  273 	addw	x, #0x0004
      000131 1F 19            [ 2]  274 	ldw	(0x19, sp), x
                                    275 ;	user/system.c: 64: if((keyGet == TP_PRESS)&&(sys.keyReleaseTime == 0))
      000133 A1 01            [ 1]  276 	cp	a, #0x01
      000135 26 4C            [ 1]  277 	jrne	00118$
      000137 1E 1B            [ 2]  278 	ldw	x, (0x1b, sp)
      000139 F6               [ 1]  279 	ld	a, (x)
      00013A 4D               [ 1]  280 	tnz	a
      00013B 26 46            [ 1]  281 	jrne	00118$
                                    282 ;	user/system.c: 66: if(++sys.keyPressTime > 10)
      00013D 1E 0D            [ 2]  283 	ldw	x, (0x0d, sp)
      00013F F6               [ 1]  284 	ld	a, (x)
      000140 4C               [ 1]  285 	inc	a
      000141 F7               [ 1]  286 	ld	(x), a
      000142 A1 0A            [ 1]  287 	cp	a, #0x0a
      000144 23 3D            [ 2]  288 	jrule	00118$
                                    289 ;	user/system.c: 68: for(sysCfg.idLen = 0; sysCfg.idLen < MAX_KEY_ID_LEN; sysCfg.idLen++)
      000146 1E 05            [ 2]  290 	ldw	x, (0x05, sp)
      000148 6F 01            [ 1]  291 	clr	(0x1, x)
      00014A 7F               [ 1]  292 	clr	(x)
      00014B 16 19            [ 2]  293 	ldw	y, (0x19, sp)
      00014D 17 17            [ 2]  294 	ldw	(0x17, sp), y
      00014F                        295 00133$:
      00014F 1E 05            [ 2]  296 	ldw	x, (0x05, sp)
      000151 FE               [ 2]  297 	ldw	x, (x)
      000152 A3 00 05         [ 2]  298 	cpw	x, #0x0005
      000155 24 14            [ 1]  299 	jrnc	00114$
                                    300 ;	user/system.c: 69: sysCfg.id[sysCfg.idLen] = 0;
      000157 58               [ 2]  301 	sllw	x
      000158 58               [ 2]  302 	sllw	x
      000159 72 FB 17         [ 2]  303 	addw	x, (0x17, sp)
      00015C 90 5F            [ 1]  304 	clrw	y
      00015E EF 02            [ 2]  305 	ldw	(0x2, x), y
      000160 FF               [ 2]  306 	ldw	(x), y
                                    307 ;	user/system.c: 68: for(sysCfg.idLen = 0; sysCfg.idLen < MAX_KEY_ID_LEN; sysCfg.idLen++)
      000161 1E 05            [ 2]  308 	ldw	x, (0x05, sp)
      000163 FE               [ 2]  309 	ldw	x, (x)
      000164 5C               [ 2]  310 	incw	x
      000165 16 05            [ 2]  311 	ldw	y, (0x05, sp)
      000167 90 FF            [ 2]  312 	ldw	(y), x
      000169 20 E4            [ 2]  313 	jra	00133$
      00016B                        314 00114$:
                                    315 ;	user/system.c: 70: sysCfg.idLen = 0;
      00016B 1E 05            [ 2]  316 	ldw	x, (0x05, sp)
      00016D 6F 01            [ 1]  317 	clr	(0x1, x)
      00016F 7F               [ 1]  318 	clr	(x)
                                    319 ;	user/system.c: 71: sys_WriteCfg();
      000170 CDr00r00         [ 4]  320 	call	_sys_WriteCfg
                                    321 ;	user/system.c: 72: led_change(LED_OFF, 0);
      000173 4B 00            [ 1]  322 	push	#0x00
      000175 4B 00            [ 1]  323 	push	#0x00
      000177 CDr00r00         [ 4]  324 	call	_led_change
      00017A 85               [ 2]  325 	popw	x
                                    326 ;	user/system.c: 73: info("\r\nClear all key.....");
      00017B AEr02r46         [ 2]  327 	ldw	x, #___str_1+0
      00017E 89               [ 2]  328 	pushw	x
      00017F CDr00r00         [ 4]  329 	call	_info
      000182 85               [ 2]  330 	popw	x
      000183                        331 00118$:
                                    332 ;	user/system.c: 76: if(sys.setTimeOut != 0)
      000183 1E 03            [ 2]  333 	ldw	x, (0x03, sp)
      000185 89               [ 2]  334 	pushw	x
      000186 EE 02            [ 2]  335 	ldw	x, (0x2, x)
      000188 51               [ 1]  336 	exgw	x, y
      000189 85               [ 2]  337 	popw	x
      00018A FE               [ 2]  338 	ldw	x, (x)
      00018B 90 5D            [ 2]  339 	tnzw	y
      00018D 26 06            [ 1]  340 	jrne	00232$
      00018F 5D               [ 2]  341 	tnzw	x
      000190 26 03            [ 1]  342 	jrne	00232$
      000192 CCr02r23         [ 2]  343 	jp	00127$
      000195                        344 00232$:
                                    345 ;	user/system.c: 78: sys.setTimeOut--;
      000195 72 A2 00 01      [ 2]  346 	subw	y, #0x0001
      000199 9F               [ 1]  347 	ld	a, xl
      00019A A2 00            [ 1]  348 	sbc	a, #0x00
      00019C 6B 0A            [ 1]  349 	ld	(0x0a, sp), a
      00019E 9E               [ 1]  350 	ld	a, xh
      00019F A2 00            [ 1]  351 	sbc	a, #0x00
      0001A1 6B 09            [ 1]  352 	ld	(0x09, sp), a
      0001A3 1E 03            [ 2]  353 	ldw	x, (0x03, sp)
      0001A5 EF 02            [ 2]  354 	ldw	(0x2, x), y
      0001A7 16 09            [ 2]  355 	ldw	y, (0x09, sp)
      0001A9 FF               [ 2]  356 	ldw	(x), y
                                    357 ;	user/system.c: 79: if(sys.idKeyGet != 0)
      0001AA 1E 1D            [ 2]  358 	ldw	x, (0x1d, sp)
      0001AC 89               [ 2]  359 	pushw	x
      0001AD EE 02            [ 2]  360 	ldw	x, (0x2, x)
      0001AF 51               [ 1]  361 	exgw	x, y
      0001B0 85               [ 2]  362 	popw	x
      0001B1 FE               [ 2]  363 	ldw	x, (x)
      0001B2 90 5D            [ 2]  364 	tnzw	y
      0001B4 26 03            [ 1]  365 	jrne	00233$
      0001B6 5D               [ 2]  366 	tnzw	x
      0001B7 27 78            [ 1]  367 	jreq	00135$
      0001B9                        368 00233$:
                                    369 ;	user/system.c: 81: sys.setTimeOut = 600;
      0001B9 1E 03            [ 2]  370 	ldw	x, (0x03, sp)
      0001BB 90 AE 02 58      [ 2]  371 	ldw	y, #0x0258
      0001BF EF 02            [ 2]  372 	ldw	(0x2, x), y
      0001C1 6F 01            [ 1]  373 	clr	(0x1, x)
      0001C3 7F               [ 1]  374 	clr	(x)
                                    375 ;	user/system.c: 82: if(system_checkID(sys.idKeyGet) == 0)
      0001C4 1E 1D            [ 2]  376 	ldw	x, (0x1d, sp)
      0001C6 89               [ 2]  377 	pushw	x
      0001C7 EE 02            [ 2]  378 	ldw	x, (0x2, x)
      0001C9 51               [ 1]  379 	exgw	x, y
      0001CA 85               [ 2]  380 	popw	x
      0001CB FE               [ 2]  381 	ldw	x, (x)
      0001CC 90 89            [ 2]  382 	pushw	y
      0001CE 89               [ 2]  383 	pushw	x
      0001CF CDr00r0D         [ 4]  384 	call	_system_checkID
      0001D2 5B 04            [ 2]  385 	addw	sp, #4
      0001D4 6B 02            [ 1]  386 	ld	(0x02, sp), a
      0001D6 0D 02            [ 1]  387 	tnz	(0x02, sp)
      0001D8 26 40            [ 1]  388 	jrne	00123$
                                    389 ;	user/system.c: 84: info("\r\nSave key.....");
      0001DA AEr02r5B         [ 2]  390 	ldw	x, #___str_2+0
      0001DD 89               [ 2]  391 	pushw	x
      0001DE CDr00r00         [ 4]  392 	call	_info
      0001E1 85               [ 2]  393 	popw	x
                                    394 ;	user/system.c: 85: sysCfg.id[sysCfg.idLen] = sys.idKeyGet;
      0001E2 1E 05            [ 2]  395 	ldw	x, (0x05, sp)
      0001E4 FE               [ 2]  396 	ldw	x, (x)
      0001E5 58               [ 2]  397 	sllw	x
      0001E6 58               [ 2]  398 	sllw	x
      0001E7 72 FB 19         [ 2]  399 	addw	x, (0x19, sp)
      0001EA 1F 13            [ 2]  400 	ldw	(0x13, sp), x
      0001EC 1E 1D            [ 2]  401 	ldw	x, (0x1d, sp)
      0001EE 89               [ 2]  402 	pushw	x
      0001EF EE 02            [ 2]  403 	ldw	x, (0x2, x)
      0001F1 51               [ 1]  404 	exgw	x, y
      0001F2 85               [ 2]  405 	popw	x
      0001F3 FE               [ 2]  406 	ldw	x, (x)
      0001F4 1F 0F            [ 2]  407 	ldw	(0x0f, sp), x
      0001F6 1E 13            [ 2]  408 	ldw	x, (0x13, sp)
      0001F8 EF 02            [ 2]  409 	ldw	(0x2, x), y
      0001FA 16 0F            [ 2]  410 	ldw	y, (0x0f, sp)
      0001FC FF               [ 2]  411 	ldw	(x), y
                                    412 ;	user/system.c: 86: if(++sysCfg.idLen >= MAX_KEY_ID_LEN)sysCfg.idLen = 0;
      0001FD 1E 05            [ 2]  413 	ldw	x, (0x05, sp)
      0001FF FE               [ 2]  414 	ldw	x, (x)
      000200 5C               [ 2]  415 	incw	x
      000201 16 05            [ 2]  416 	ldw	y, (0x05, sp)
      000203 90 FF            [ 2]  417 	ldw	(y), x
      000205 A3 00 05         [ 2]  418 	cpw	x, #0x0005
      000208 25 05            [ 1]  419 	jrc	00121$
      00020A 1E 05            [ 2]  420 	ldw	x, (0x05, sp)
      00020C 6F 01            [ 1]  421 	clr	(0x1, x)
      00020E 7F               [ 1]  422 	clr	(x)
      00020F                        423 00121$:
                                    424 ;	user/system.c: 87: sys_WriteCfg();
      00020F CDr00r00         [ 4]  425 	call	_sys_WriteCfg
                                    426 ;	user/system.c: 88: led_change(LED_FLASH, 10);
      000212 4B 0A            [ 1]  427 	push	#0x0a
      000214 4B 02            [ 1]  428 	push	#0x02
      000216 CDr00r00         [ 4]  429 	call	_led_change
      000219 85               [ 2]  430 	popw	x
      00021A                        431 00123$:
                                    432 ;	user/system.c: 90: sys.idKeyGet = 0;
      00021A 1E 1D            [ 2]  433 	ldw	x, (0x1d, sp)
      00021C 90 5F            [ 1]  434 	clrw	y
      00021E EF 02            [ 2]  435 	ldw	(0x2, x), y
      000220 FF               [ 2]  436 	ldw	(x), y
      000221 20 0E            [ 2]  437 	jra	00135$
      000223                        438 00127$:
                                    439 ;	user/system.c: 95: sys.keyPressTime = 0;
      000223 1E 0D            [ 2]  440 	ldw	x, (0x0d, sp)
      000225 7F               [ 1]  441 	clr	(x)
                                    442 ;	user/system.c: 96: sys.mode = SYS_NOMAL;
      000226 1E 07            [ 2]  443 	ldw	x, (0x07, sp)
      000228 7F               [ 1]  444 	clr	(x)
                                    445 ;	user/system.c: 97: led_change(LED_OFF, 0);
      000229 4B 00            [ 1]  446 	push	#0x00
      00022B 4B 00            [ 1]  447 	push	#0x00
      00022D CDr00r00         [ 4]  448 	call	_led_change
      000230 85               [ 2]  449 	popw	x
                                    450 ;	user/system.c: 100: }
      000231                        451 00135$:
      000231 5B 1E            [ 2]  452 	addw	sp, #30
      000233 81               [ 4]  453 	ret
                                    454 	.area CODE
      000234                        455 ___str_0:
      000234 0D                     456 	.db 0x0d
      000235 0A                     457 	.db 0x0a
      000236 53 65 74 20 6B 65 79   458 	.ascii "Set key id....."
             20 69 64 2E 2E 2E 2E
             2E
      000245 00                     459 	.db 0x00
      000246                        460 ___str_1:
      000246 0D                     461 	.db 0x0d
      000247 0A                     462 	.db 0x0a
      000248 43 6C 65 61 72 20 61   463 	.ascii "Clear all key....."
             6C 6C 20 6B 65 79 2E
             2E 2E 2E 2E
      00025A 00                     464 	.db 0x00
      00025B                        465 ___str_2:
      00025B 0D                     466 	.db 0x0d
      00025C 0A                     467 	.db 0x0a
      00025D 53 61 76 65 20 6B 65   468 	.ascii "Save key....."
             79 2E 2E 2E 2E 2E
      00026A 00                     469 	.db 0x00
                                    470 	.area INITIALIZER
                                    471 	.area CABS (ABS)
