                                      1 ;--------------------------------------------------------
                                      2 ; File Created by SDCC : free open source ANSI-C Compiler
                                      3 ; Version 3.6.0 #9615 (MINGW64)
                                      4 ;--------------------------------------------------------
                                      5 	.module timerTick
                                      6 	.optsdcc -mstm8
                                      7 	
                                      8 ;--------------------------------------------------------
                                      9 ; Public variables in this module
                                     10 ;--------------------------------------------------------
                                     11 	.globl _TIM4_ClearFlag
                                     12 	.globl _TIM4_GetCounter
                                     13 	.globl _TIM4_ITConfig
                                     14 	.globl _TIM4_Cmd
                                     15 	.globl _TIM4_TimeBaseInit
                                     16 	.globl _TIM4_DeInit
                                     17 	.globl _CLK_PeripheralClockConfig
                                     18 	.globl _timeTickUs
                                     19 	.globl _timeTickMs
                                     20 	.globl _timeBack
                                     21 	.globl _timeGet
                                     22 	.globl _TIMER_Init
                                     23 	.globl _TIMER_Inc
                                     24 	.globl _TIMER_InitTime
                                     25 	.globl _TIMER_CheckTimeUS
                                     26 	.globl _TIMER_CheckTimeMS
                                     27 ;--------------------------------------------------------
                                     28 ; ram data
                                     29 ;--------------------------------------------------------
                                     30 	.area DATA
      000000                         31 _timeGet::
      000000                         32 	.ds 2
      000002                         33 _timeBack::
      000002                         34 	.ds 2
      000004                         35 _timeTickMs::
      000004                         36 	.ds 4
      000008                         37 _timeTickUs::
      000008                         38 	.ds 2
                                     39 ;--------------------------------------------------------
                                     40 ; ram data
                                     41 ;--------------------------------------------------------
                                     42 	.area INITIALIZED
                                     43 ;--------------------------------------------------------
                                     44 ; absolute external ram data
                                     45 ;--------------------------------------------------------
                                     46 	.area DABS (ABS)
                                     47 ;--------------------------------------------------------
                                     48 ; global & static initialisations
                                     49 ;--------------------------------------------------------
                                     50 	.area HOME
                                     51 	.area GSINIT
                                     52 	.area GSFINAL
                                     53 	.area GSINIT
                                     54 ;--------------------------------------------------------
                                     55 ; Home
                                     56 ;--------------------------------------------------------
                                     57 	.area HOME
                                     58 	.area HOME
                                     59 ;--------------------------------------------------------
                                     60 ; code
                                     61 ;--------------------------------------------------------
                                     62 	.area CODE
                                     63 ;	user/timerTick.c: 9: void TIMER_Init(void)
                                     64 ;	-----------------------------------------
                                     65 ;	 function TIMER_Init
                                     66 ;	-----------------------------------------
      000000                         67 _TIMER_Init:
                                     68 ;	user/timerTick.c: 11: CLK_PeripheralClockConfig(CLK_PERIPHERAL_TIMER4 , ENABLE); 
      000000 4B 01            [ 1]   69 	push	#0x01
      000002 4B 04            [ 1]   70 	push	#0x04
      000004 CDr00r00         [ 4]   71 	call	_CLK_PeripheralClockConfig
      000007 85               [ 2]   72 	popw	x
                                     73 ;	user/timerTick.c: 12: TIM4_DeInit(); 
      000008 CDr00r00         [ 4]   74 	call	_TIM4_DeInit
                                     75 ;	user/timerTick.c: 14: TIM4_TimeBaseInit(TIM4_PRESCALER_16, CYCLE_US);
      00000B 4B C8            [ 1]   76 	push	#0xc8
      00000D 4B 04            [ 1]   77 	push	#0x04
      00000F CDr00r00         [ 4]   78 	call	_TIM4_TimeBaseInit
      000012 85               [ 2]   79 	popw	x
                                     80 ;	user/timerTick.c: 15: TIM4_ClearFlag(TIM4_FLAG_UPDATE); 
      000013 4B 01            [ 1]   81 	push	#0x01
      000015 CDr00r00         [ 4]   82 	call	_TIM4_ClearFlag
      000018 84               [ 1]   83 	pop	a
                                     84 ;	user/timerTick.c: 16: TIM4_ITConfig(TIM4_IT_UPDATE, ENABLE);
      000019 4B 01            [ 1]   85 	push	#0x01
      00001B 4B 01            [ 1]   86 	push	#0x01
      00001D CDr00r00         [ 4]   87 	call	_TIM4_ITConfig
      000020 85               [ 2]   88 	popw	x
                                     89 ;	user/timerTick.c: 17: TIM4_Cmd(ENABLE);    // Enable TIM4 
      000021 4B 01            [ 1]   90 	push	#0x01
      000023 CDr00r00         [ 4]   91 	call	_TIM4_Cmd
      000026 84               [ 1]   92 	pop	a
                                     93 ;	user/timerTick.c: 18: timeTickMs = 0;
      000027 5F               [ 1]   94 	clrw	x
      000028 CFu00u06         [ 2]   95 	ldw	_timeTickMs+2, x
      00002B CFu00u04         [ 2]   96 	ldw	_timeTickMs+0, x
                                     97 ;	user/timerTick.c: 19: timeTickUs = 0;
      00002E 5F               [ 1]   98 	clrw	x
      00002F CFu00u08         [ 2]   99 	ldw	_timeTickUs+0, x
      000032 81               [ 4]  100 	ret
                                    101 ;	user/timerTick.c: 22: void TIMER_Inc(void)
                                    102 ;	-----------------------------------------
                                    103 ;	 function TIMER_Inc
                                    104 ;	-----------------------------------------
      000033                        105 _TIMER_Inc:
                                    106 ;	user/timerTick.c: 24: timeTickUs++;
      000033 CEu00u08         [ 2]  107 	ldw	x, _timeTickUs+0
      000036 5C               [ 2]  108 	incw	x
                                    109 ;	user/timerTick.c: 25: if(timeTickUs%5 == 0){
      000037 CFu00u08         [ 2]  110 	ldw	_timeTickUs+0, x
      00003A 90 AE 00 05      [ 2]  111 	ldw	y, #0x0005
      00003E 65               [ 2]  112 	divw	x, y
      00003F 90 5D            [ 2]  113 	tnzw	y
      000041 27 01            [ 1]  114 	jreq	00109$
      000043 81               [ 4]  115 	ret
      000044                        116 00109$:
                                    117 ;	user/timerTick.c: 26: timeTickMs++;
      000044 CEu00u06         [ 2]  118 	ldw	x, _timeTickMs+2
      000047 1C 00 01         [ 2]  119 	addw	x, #0x0001
      00004A C6u00u05         [ 1]  120 	ld	a, _timeTickMs+1
      00004D A9 00            [ 1]  121 	adc	a, #0x00
      00004F 90 97            [ 1]  122 	ld	yl, a
      000051 C6u00u04         [ 1]  123 	ld	a, _timeTickMs+0
      000054 A9 00            [ 1]  124 	adc	a, #0x00
      000056 90 95            [ 1]  125 	ld	yh, a
      000058 CFu00u06         [ 2]  126 	ldw	_timeTickMs+2, x
      00005B 90 CFu00u04      [ 2]  127 	ldw	_timeTickMs+0, y
      00005F 81               [ 4]  128 	ret
                                    129 ;	user/timerTick.c: 30: void TIMER_InitTime(TIME *pTime)
                                    130 ;	-----------------------------------------
                                    131 ;	 function TIMER_InitTime
                                    132 ;	-----------------------------------------
      000060                        133 _TIMER_InitTime:
                                    134 ;	user/timerTick.c: 32: pTime->timeMS = timeTickMs;
      000060 1E 03            [ 2]  135 	ldw	x, (0x03, sp)
      000062 5C               [ 2]  136 	incw	x
      000063 5C               [ 2]  137 	incw	x
      000064 90 CEu00u06      [ 2]  138 	ldw	y, _timeTickMs+2
      000068 EF 02            [ 2]  139 	ldw	(0x2, x), y
      00006A 90 CEu00u04      [ 2]  140 	ldw	y, _timeTickMs+0
      00006E FF               [ 2]  141 	ldw	(x), y
      00006F 81               [ 4]  142 	ret
                                    143 ;	user/timerTick.c: 35: uint8_t TIMER_CheckTimeUS(TIME *pTime, uint16_t time)
                                    144 ;	-----------------------------------------
                                    145 ;	 function TIMER_CheckTimeUS
                                    146 ;	-----------------------------------------
      000070                        147 _TIMER_CheckTimeUS:
      000070 52 04            [ 2]  148 	sub	sp, #4
                                    149 ;	user/timerTick.c: 37: timeGet = TIM4_GetCounter();
      000072 CDr00r00         [ 4]  150 	call	_TIM4_GetCounter
      000075 5F               [ 1]  151 	clrw	x
      000076 97               [ 1]  152 	ld	xl, a
      000077 CFu00u00         [ 2]  153 	ldw	_timeGet+0, x
                                    154 ;	user/timerTick.c: 38: if(((timeGet > pTime->timeUS)&&((timeGet - pTime->timeUS) >= time))||((timeGet < pTime->timeUS)&&(((CYCLE_US -  pTime->timeUS) + timeGet + 1) >= time))){
      00007A 16 07            [ 2]  155 	ldw	y, (0x07, sp)
      00007C 17 03            [ 2]  156 	ldw	(0x03, sp), y
      00007E 1E 03            [ 2]  157 	ldw	x, (0x03, sp)
      000080 FE               [ 2]  158 	ldw	x, (x)
      000081 1F 01            [ 2]  159 	ldw	(0x01, sp), x
      000083 1E 01            [ 2]  160 	ldw	x, (0x01, sp)
      000085 C3u00u00         [ 2]  161 	cpw	x, _timeGet+0
      000088 24 0A            [ 1]  162 	jrnc	00105$
      00008A CEu00u00         [ 2]  163 	ldw	x, _timeGet+0
      00008D 72 F0 01         [ 2]  164 	subw	x, (0x01, sp)
      000090 13 09            [ 2]  165 	cpw	x, (0x09, sp)
      000092 24 14            [ 1]  166 	jrnc	00101$
      000094                        167 00105$:
      000094 1E 01            [ 2]  168 	ldw	x, (0x01, sp)
      000096 C3u00u00         [ 2]  169 	cpw	x, _timeGet+0
      000099 23 17            [ 2]  170 	jrule	00102$
      00009B CEu00u00         [ 2]  171 	ldw	x, _timeGet+0
      00009E 1C 00 C9         [ 2]  172 	addw	x, #0x00c9
      0000A1 72 F0 01         [ 2]  173 	subw	x, (0x01, sp)
      0000A4 13 09            [ 2]  174 	cpw	x, (0x09, sp)
      0000A6 25 0A            [ 1]  175 	jrc	00102$
      0000A8                        176 00101$:
                                    177 ;	user/timerTick.c: 39: pTime->timeUS = timeGet;
      0000A8 1E 03            [ 2]  178 	ldw	x, (0x03, sp)
      0000AA 90 CEu00u00      [ 2]  179 	ldw	y, _timeGet+0
      0000AE FF               [ 2]  180 	ldw	(x), y
                                    181 ;	user/timerTick.c: 40: return 0;
      0000AF 4F               [ 1]  182 	clr	a
      0000B0 20 02            [ 2]  183 	jra	00106$
      0000B2                        184 00102$:
                                    185 ;	user/timerTick.c: 42: return 1;
      0000B2 A6 01            [ 1]  186 	ld	a, #0x01
      0000B4                        187 00106$:
      0000B4 5B 04            [ 2]  188 	addw	sp, #4
      0000B6 81               [ 4]  189 	ret
                                    190 ;	user/timerTick.c: 45: uint8_t TIMER_CheckTimeMS(TIME *pTime, uint32_t time)
                                    191 ;	-----------------------------------------
                                    192 ;	 function TIMER_CheckTimeMS
                                    193 ;	-----------------------------------------
      0000B7                        194 _TIMER_CheckTimeMS:
      0000B7 52 0B            [ 2]  195 	sub	sp, #11
                                    196 ;	user/timerTick.c: 47: if(((timeTickMs > pTime->timeMS)&&((timeTickMs - pTime->timeMS) >= time))||((timeTickMs < pTime->timeMS)&&(((CYCLE_MS -  pTime->timeMS) + timeTickMs + 1) >= time))){
      0000B9 1E 0E            [ 2]  197 	ldw	x, (0x0e, sp)
      0000BB 5C               [ 2]  198 	incw	x
      0000BC 5C               [ 2]  199 	incw	x
      0000BD 1F 0A            [ 2]  200 	ldw	(0x0a, sp), x
      0000BF 1E 0A            [ 2]  201 	ldw	x, (0x0a, sp)
      0000C1 E6 03            [ 1]  202 	ld	a, (0x3, x)
      0000C3 6B 04            [ 1]  203 	ld	(0x04, sp), a
      0000C5 E6 02            [ 1]  204 	ld	a, (0x2, x)
      0000C7 6B 03            [ 1]  205 	ld	(0x03, sp), a
      0000C9 FE               [ 2]  206 	ldw	x, (x)
      0000CA 1F 01            [ 2]  207 	ldw	(0x01, sp), x
      0000CC CEu00u06         [ 2]  208 	ldw	x, _timeTickMs+2
      0000CF 72 F0 03         [ 2]  209 	subw	x, (0x03, sp)
      0000D2 C6u00u05         [ 1]  210 	ld	a, _timeTickMs+1
      0000D5 12 02            [ 1]  211 	sbc	a, (0x02, sp)
      0000D7 88               [ 1]  212 	push	a
      0000D8 C6u00u04         [ 1]  213 	ld	a, _timeTickMs+0
      0000DB 12 02            [ 1]  214 	sbc	a, (0x02, sp)
      0000DD 6B 07            [ 1]  215 	ld	(0x07, sp), a
      0000DF 84               [ 1]  216 	pop	a
      0000E0 88               [ 1]  217 	push	a
      0000E1 13 13            [ 2]  218 	cpw	x, (0x13, sp)
      0000E3 84               [ 1]  219 	pop	a
      0000E4 12 11            [ 1]  220 	sbc	a, (0x11, sp)
      0000E6 7B 06            [ 1]  221 	ld	a, (0x06, sp)
      0000E8 12 10            [ 1]  222 	sbc	a, (0x10, sp)
      0000EA 4F               [ 1]  223 	clr	a
      0000EB 49               [ 1]  224 	rlc	a
      0000EC 6B 05            [ 1]  225 	ld	(0x05, sp), a
      0000EE 1E 03            [ 2]  226 	ldw	x, (0x03, sp)
      0000F0 C3u00u06         [ 2]  227 	cpw	x, _timeTickMs+2
      0000F3 7B 02            [ 1]  228 	ld	a, (0x02, sp)
      0000F5 C2u00u05         [ 1]  229 	sbc	a, _timeTickMs+1
      0000F8 7B 01            [ 1]  230 	ld	a, (0x01, sp)
      0000FA C2u00u04         [ 1]  231 	sbc	a, _timeTickMs+0
      0000FD 24 04            [ 1]  232 	jrnc	00105$
      0000FF 0D 05            [ 1]  233 	tnz	(0x05, sp)
      000101 27 15            [ 1]  234 	jreq	00101$
      000103                        235 00105$:
      000103 CEu00u06         [ 2]  236 	ldw	x, _timeTickMs+2
      000106 13 03            [ 2]  237 	cpw	x, (0x03, sp)
      000108 C6u00u05         [ 1]  238 	ld	a, _timeTickMs+1
      00010B 12 02            [ 1]  239 	sbc	a, (0x02, sp)
      00010D C6u00u04         [ 1]  240 	ld	a, _timeTickMs+0
      000110 12 01            [ 1]  241 	sbc	a, (0x01, sp)
      000112 24 14            [ 1]  242 	jrnc	00102$
      000114 0D 05            [ 1]  243 	tnz	(0x05, sp)
      000116 26 10            [ 1]  244 	jrne	00102$
      000118                        245 00101$:
                                    246 ;	user/timerTick.c: 48: pTime->timeMS = timeTickMs;
      000118 1E 0A            [ 2]  247 	ldw	x, (0x0a, sp)
      00011A 90 CEu00u06      [ 2]  248 	ldw	y, _timeTickMs+2
      00011E EF 02            [ 2]  249 	ldw	(0x2, x), y
      000120 90 CEu00u04      [ 2]  250 	ldw	y, _timeTickMs+0
      000124 FF               [ 2]  251 	ldw	(x), y
                                    252 ;	user/timerTick.c: 49: return 0;
      000125 4F               [ 1]  253 	clr	a
      000126 20 02            [ 2]  254 	jra	00106$
      000128                        255 00102$:
                                    256 ;	user/timerTick.c: 51: return 1;
      000128 A6 01            [ 1]  257 	ld	a, #0x01
      00012A                        258 00106$:
      00012A 5B 0B            [ 2]  259 	addw	sp, #11
      00012C 81               [ 4]  260 	ret
                                    261 	.area CODE
                                    262 	.area INITIALIZER
                                    263 	.area CABS (ABS)
