                                      1 ;--------------------------------------------------------
                                      2 ; File Created by SDCC : free open source ANSI-C Compiler
                                      3 ; Version 3.6.0 #9615 (Mac OS X x86_64)
                                      4 ;--------------------------------------------------------
                                      5 	.module gpio
                                      6 	.optsdcc -mstm8
                                      7 	
                                      8 ;--------------------------------------------------------
                                      9 ; Public variables in this module
                                     10 ;--------------------------------------------------------
                                     11 	.globl _GPIO_DeInit
                                     12 	.globl _GPIO_Init
                                     13 	.globl _GPIO_Write
                                     14 	.globl _GPIO_WriteHigh
                                     15 	.globl _GPIO_WriteLow
                                     16 	.globl _GPIO_ReadInputPin
                                     17 	.globl _GPIO_ExternalPullUpConfig
                                     18 ;--------------------------------------------------------
                                     19 ; ram data
                                     20 ;--------------------------------------------------------
                                     21 	.area DATA
                                     22 ;--------------------------------------------------------
                                     23 ; ram data
                                     24 ;--------------------------------------------------------
                                     25 	.area INITIALIZED
                                     26 ;--------------------------------------------------------
                                     27 ; absolute external ram data
                                     28 ;--------------------------------------------------------
                                     29 	.area DABS (ABS)
                                     30 ;--------------------------------------------------------
                                     31 ; global & static initialisations
                                     32 ;--------------------------------------------------------
                                     33 	.area HOME
                                     34 	.area GSINIT
                                     35 	.area GSFINAL
                                     36 	.area GSINIT
                                     37 ;--------------------------------------------------------
                                     38 ; Home
                                     39 ;--------------------------------------------------------
                                     40 	.area HOME
                                     41 	.area HOME
                                     42 ;--------------------------------------------------------
                                     43 ; code
                                     44 ;--------------------------------------------------------
                                     45 	.area CODE
                                     46 ;	lib/gpio.c: 5: void GPIO_DeInit(GPIO_TypeDef* GPIOx)
                                     47 ;	-----------------------------------------
                                     48 ;	 function GPIO_DeInit
                                     49 ;	-----------------------------------------
      000000                         50 _GPIO_DeInit:
      000000 89               [ 2]   51 	pushw	x
                                     52 ;	lib/gpio.c: 7: GPIOx->ODR = GPIO_ODR_RESET_VALUE; /* Reset Output Data Register */
      000001 16 05            [ 2]   53 	ldw	y, (0x05, sp)
      000003 17 01            [ 2]   54 	ldw	(0x01, sp), y
      000005 1E 01            [ 2]   55 	ldw	x, (0x01, sp)
      000007 7F               [ 1]   56 	clr	(x)
                                     57 ;	lib/gpio.c: 8: GPIOx->DDR = GPIO_DDR_RESET_VALUE; /* Reset Data Direction Register */
      000008 1E 01            [ 2]   58 	ldw	x, (0x01, sp)
      00000A 5C               [ 2]   59 	incw	x
      00000B 5C               [ 2]   60 	incw	x
      00000C 7F               [ 1]   61 	clr	(x)
                                     62 ;	lib/gpio.c: 9: GPIOx->CR1 = GPIO_CR1_RESET_VALUE; /* Reset Control Register 1 */
      00000D 1E 01            [ 2]   63 	ldw	x, (0x01, sp)
      00000F 1C 00 03         [ 2]   64 	addw	x, #0x0003
      000012 7F               [ 1]   65 	clr	(x)
                                     66 ;	lib/gpio.c: 10: GPIOx->CR2 = GPIO_CR2_RESET_VALUE; /* Reset Control Register 2 */
      000013 1E 01            [ 2]   67 	ldw	x, (0x01, sp)
      000015 1C 00 04         [ 2]   68 	addw	x, #0x0004
      000018 7F               [ 1]   69 	clr	(x)
      000019 85               [ 2]   70 	popw	x
      00001A 81               [ 4]   71 	ret
                                     72 ;	lib/gpio.c: 13: void GPIO_Init(GPIO_TypeDef* GPIOx, GPIO_Pin_TypeDef GPIO_Pin, GPIO_Mode_TypeDef GPIO_Mode)
                                     73 ;	-----------------------------------------
                                     74 ;	 function GPIO_Init
                                     75 ;	-----------------------------------------
      00001B                         76 _GPIO_Init:
      00001B 52 05            [ 2]   77 	sub	sp, #5
                                     78 ;	lib/gpio.c: 16: GPIOx->CR2 &= (uint8_t)(~(GPIO_Pin));
      00001D 16 08            [ 2]   79 	ldw	y, (0x08, sp)
      00001F 17 01            [ 2]   80 	ldw	(0x01, sp), y
      000021 1E 01            [ 2]   81 	ldw	x, (0x01, sp)
      000023 1C 00 04         [ 2]   82 	addw	x, #0x0004
      000026 1F 03            [ 2]   83 	ldw	(0x03, sp), x
      000028 1E 03            [ 2]   84 	ldw	x, (0x03, sp)
      00002A F6               [ 1]   85 	ld	a, (x)
      00002B 88               [ 1]   86 	push	a
      00002C 7B 0B            [ 1]   87 	ld	a, (0x0b, sp)
      00002E 43               [ 1]   88 	cpl	a
      00002F 6B 06            [ 1]   89 	ld	(0x06, sp), a
      000031 84               [ 1]   90 	pop	a
      000032 14 05            [ 1]   91 	and	a, (0x05, sp)
      000034 1E 03            [ 2]   92 	ldw	x, (0x03, sp)
      000036 F7               [ 1]   93 	ld	(x), a
                                     94 ;	lib/gpio.c: 33: GPIOx->DDR |= (uint8_t)GPIO_Pin;
      000037 1E 01            [ 2]   95 	ldw	x, (0x01, sp)
      000039 5C               [ 2]   96 	incw	x
      00003A 5C               [ 2]   97 	incw	x
                                     98 ;	lib/gpio.c: 22: if ((((uint8_t)(GPIO_Mode)) & (uint8_t)0x80) != (uint8_t)0x00) /* Output mode */
      00003B 0D 0B            [ 1]   99 	tnz	(0x0b, sp)
      00003D 2A 20            [ 1]  100 	jrpl	00105$
                                    101 ;	lib/gpio.c: 26: GPIOx->ODR |= (uint8_t)GPIO_Pin;
      00003F 16 01            [ 2]  102 	ldw	y, (0x01, sp)
      000041 90 F6            [ 1]  103 	ld	a, (y)
                                    104 ;	lib/gpio.c: 24: if ((((uint8_t)(GPIO_Mode)) & (uint8_t)0x10) != (uint8_t)0x00) /* High level */
      000043 88               [ 1]  105 	push	a
      000044 7B 0C            [ 1]  106 	ld	a, (0x0c, sp)
      000046 A5 10            [ 1]  107 	bcp	a, #0x10
      000048 84               [ 1]  108 	pop	a
      000049 27 08            [ 1]  109 	jreq	00102$
                                    110 ;	lib/gpio.c: 26: GPIOx->ODR |= (uint8_t)GPIO_Pin;
      00004B 1A 0A            [ 1]  111 	or	a, (0x0a, sp)
      00004D 16 01            [ 2]  112 	ldw	y, (0x01, sp)
      00004F 90 F7            [ 1]  113 	ld	(y), a
      000051 20 06            [ 2]  114 	jra	00103$
      000053                        115 00102$:
                                    116 ;	lib/gpio.c: 30: GPIOx->ODR &= (uint8_t)(~(GPIO_Pin));
      000053 14 05            [ 1]  117 	and	a, (0x05, sp)
      000055 16 01            [ 2]  118 	ldw	y, (0x01, sp)
      000057 90 F7            [ 1]  119 	ld	(y), a
      000059                        120 00103$:
                                    121 ;	lib/gpio.c: 33: GPIOx->DDR |= (uint8_t)GPIO_Pin;
      000059 F6               [ 1]  122 	ld	a, (x)
      00005A 1A 0A            [ 1]  123 	or	a, (0x0a, sp)
      00005C F7               [ 1]  124 	ld	(x), a
      00005D 20 04            [ 2]  125 	jra	00106$
      00005F                        126 00105$:
                                    127 ;	lib/gpio.c: 38: GPIOx->DDR &= (uint8_t)(~(GPIO_Pin));
      00005F F6               [ 1]  128 	ld	a, (x)
      000060 14 05            [ 1]  129 	and	a, (0x05, sp)
      000062 F7               [ 1]  130 	ld	(x), a
      000063                        131 00106$:
                                    132 ;	lib/gpio.c: 47: GPIOx->CR1 |= (uint8_t)GPIO_Pin;
      000063 1E 01            [ 2]  133 	ldw	x, (0x01, sp)
      000065 1C 00 03         [ 2]  134 	addw	x, #0x0003
                                    135 ;	lib/gpio.c: 45: if ((((uint8_t)(GPIO_Mode)) & (uint8_t)0x40) != (uint8_t)0x00) /* Pull-Up or Push-Pull */
      000068 7B 0B            [ 1]  136 	ld	a, (0x0b, sp)
      00006A A5 40            [ 1]  137 	bcp	a, #0x40
      00006C 27 06            [ 1]  138 	jreq	00108$
                                    139 ;	lib/gpio.c: 47: GPIOx->CR1 |= (uint8_t)GPIO_Pin;
      00006E F6               [ 1]  140 	ld	a, (x)
      00006F 1A 0A            [ 1]  141 	or	a, (0x0a, sp)
      000071 F7               [ 1]  142 	ld	(x), a
      000072 20 04            [ 2]  143 	jra	00109$
      000074                        144 00108$:
                                    145 ;	lib/gpio.c: 51: GPIOx->CR1 &= (uint8_t)(~(GPIO_Pin));
      000074 F6               [ 1]  146 	ld	a, (x)
      000075 14 05            [ 1]  147 	and	a, (0x05, sp)
      000077 F7               [ 1]  148 	ld	(x), a
      000078                        149 00109$:
                                    150 ;	lib/gpio.c: 58: if ((((uint8_t)(GPIO_Mode)) & (uint8_t)0x20) != (uint8_t)0x00) /* Interrupt or Slow slope */
      000078 7B 0B            [ 1]  151 	ld	a, (0x0b, sp)
      00007A A5 20            [ 1]  152 	bcp	a, #0x20
      00007C 27 0A            [ 1]  153 	jreq	00111$
                                    154 ;	lib/gpio.c: 60: GPIOx->CR2 |= (uint8_t)GPIO_Pin;
      00007E 1E 03            [ 2]  155 	ldw	x, (0x03, sp)
      000080 F6               [ 1]  156 	ld	a, (x)
      000081 1A 0A            [ 1]  157 	or	a, (0x0a, sp)
      000083 1E 03            [ 2]  158 	ldw	x, (0x03, sp)
      000085 F7               [ 1]  159 	ld	(x), a
      000086 20 08            [ 2]  160 	jra	00113$
      000088                        161 00111$:
                                    162 ;	lib/gpio.c: 64: GPIOx->CR2 &= (uint8_t)(~(GPIO_Pin));
      000088 1E 03            [ 2]  163 	ldw	x, (0x03, sp)
      00008A F6               [ 1]  164 	ld	a, (x)
      00008B 14 05            [ 1]  165 	and	a, (0x05, sp)
      00008D 1E 03            [ 2]  166 	ldw	x, (0x03, sp)
      00008F F7               [ 1]  167 	ld	(x), a
      000090                        168 00113$:
      000090 5B 05            [ 2]  169 	addw	sp, #5
      000092 81               [ 4]  170 	ret
                                    171 ;	lib/gpio.c: 68: void GPIO_Write(GPIO_TypeDef* GPIOx, uint8_t PortVal)
                                    172 ;	-----------------------------------------
                                    173 ;	 function GPIO_Write
                                    174 ;	-----------------------------------------
      000093                        175 _GPIO_Write:
                                    176 ;	lib/gpio.c: 70: GPIOx->ODR = PortVal;
      000093 1E 03            [ 2]  177 	ldw	x, (0x03, sp)
      000095 7B 05            [ 1]  178 	ld	a, (0x05, sp)
      000097 F7               [ 1]  179 	ld	(x), a
      000098 81               [ 4]  180 	ret
                                    181 ;	lib/gpio.c: 73: void GPIO_WriteHigh(GPIO_TypeDef* GPIOx, GPIO_Pin_TypeDef PortPins)
                                    182 ;	-----------------------------------------
                                    183 ;	 function GPIO_WriteHigh
                                    184 ;	-----------------------------------------
      000099                        185 _GPIO_WriteHigh:
                                    186 ;	lib/gpio.c: 75: GPIOx->ODR |= (uint8_t)PortPins;
      000099 1E 03            [ 2]  187 	ldw	x, (0x03, sp)
      00009B F6               [ 1]  188 	ld	a, (x)
      00009C 1A 05            [ 1]  189 	or	a, (0x05, sp)
      00009E F7               [ 1]  190 	ld	(x), a
      00009F 81               [ 4]  191 	ret
                                    192 ;	lib/gpio.c: 78: void GPIO_WriteLow(GPIO_TypeDef* GPIOx, GPIO_Pin_TypeDef PortPins)
                                    193 ;	-----------------------------------------
                                    194 ;	 function GPIO_WriteLow
                                    195 ;	-----------------------------------------
      0000A0                        196 _GPIO_WriteLow:
      0000A0 88               [ 1]  197 	push	a
                                    198 ;	lib/gpio.c: 80: GPIOx->ODR &= (uint8_t)(~PortPins);
      0000A1 1E 04            [ 2]  199 	ldw	x, (0x04, sp)
      0000A3 F6               [ 1]  200 	ld	a, (x)
      0000A4 6B 01            [ 1]  201 	ld	(0x01, sp), a
      0000A6 7B 06            [ 1]  202 	ld	a, (0x06, sp)
      0000A8 43               [ 1]  203 	cpl	a
      0000A9 14 01            [ 1]  204 	and	a, (0x01, sp)
      0000AB F7               [ 1]  205 	ld	(x), a
      0000AC 84               [ 1]  206 	pop	a
      0000AD 81               [ 4]  207 	ret
                                    208 ;	lib/gpio.c: 93: BitStatus GPIO_ReadInputPin(GPIO_TypeDef* GPIOx, GPIO_Pin_TypeDef GPIO_Pin)
                                    209 ;	-----------------------------------------
                                    210 ;	 function GPIO_ReadInputPin
                                    211 ;	-----------------------------------------
      0000AE                        212 _GPIO_ReadInputPin:
                                    213 ;	lib/gpio.c: 95: return ((BitStatus)(GPIOx->IDR & (uint8_t)GPIO_Pin));
      0000AE 1E 03            [ 2]  214 	ldw	x, (0x03, sp)
      0000B0 E6 01            [ 1]  215 	ld	a, (0x1, x)
      0000B2 14 05            [ 1]  216 	and	a, (0x05, sp)
      0000B4 81               [ 4]  217 	ret
                                    218 ;	lib/gpio.c: 98: void GPIO_ExternalPullUpConfig(GPIO_TypeDef* GPIOx, GPIO_Pin_TypeDef GPIO_Pin, FunctionalState NewState)
                                    219 ;	-----------------------------------------
                                    220 ;	 function GPIO_ExternalPullUpConfig
                                    221 ;	-----------------------------------------
      0000B5                        222 _GPIO_ExternalPullUpConfig:
      0000B5 88               [ 1]  223 	push	a
                                    224 ;	lib/gpio.c: 102: GPIOx->CR1 |= (uint8_t)GPIO_Pin;
      0000B6 1E 04            [ 2]  225 	ldw	x, (0x04, sp)
      0000B8 1C 00 03         [ 2]  226 	addw	x, #0x0003
                                    227 ;	lib/gpio.c: 100: if (NewState != DISABLE)  //External Pull-Up Set
      0000BB 0D 07            [ 1]  228 	tnz	(0x07, sp)
      0000BD 27 06            [ 1]  229 	jreq	00102$
                                    230 ;	lib/gpio.c: 102: GPIOx->CR1 |= (uint8_t)GPIO_Pin;
      0000BF F6               [ 1]  231 	ld	a, (x)
      0000C0 1A 06            [ 1]  232 	or	a, (0x06, sp)
      0000C2 F7               [ 1]  233 	ld	(x), a
      0000C3 20 09            [ 2]  234 	jra	00104$
      0000C5                        235 00102$:
                                    236 ;	lib/gpio.c: 106: GPIOx->CR1 &= (uint8_t)(~(GPIO_Pin));
      0000C5 F6               [ 1]  237 	ld	a, (x)
      0000C6 6B 01            [ 1]  238 	ld	(0x01, sp), a
      0000C8 7B 06            [ 1]  239 	ld	a, (0x06, sp)
      0000CA 43               [ 1]  240 	cpl	a
      0000CB 14 01            [ 1]  241 	and	a, (0x01, sp)
      0000CD F7               [ 1]  242 	ld	(x), a
      0000CE                        243 00104$:
      0000CE 84               [ 1]  244 	pop	a
      0000CF 81               [ 4]  245 	ret
                                    246 	.area CODE
                                    247 	.area INITIALIZER
                                    248 	.area CABS (ABS)
