                                      1 ;--------------------------------------------------------
                                      2 ; File Created by SDCC : free open source ANSI-C Compiler
                                      3 ; Version 3.6.0 #9615 (MINGW64)
                                      4 ;--------------------------------------------------------
                                      5 	.module uart
                                      6 	.optsdcc -mstm8
                                      7 	
                                      8 ;--------------------------------------------------------
                                      9 ; Public variables in this module
                                     10 ;--------------------------------------------------------
                                     11 	.globl _CLK_GetClockFreq
                                     12 	.globl _UART1_DeInit
                                     13 	.globl _UART1_Init
                                     14 	.globl _UART1_Cmd
                                     15 	.globl _UART1_ITConfig
                                     16 	.globl _UART1_ReceiveData8
                                     17 	.globl _UART1_SendData8
                                     18 	.globl _UART1_GetFlagStatus
                                     19 	.globl _UART1_ClearFlag
                                     20 	.globl _UART1_GetITStatus
                                     21 	.globl _UART1_ClearITPendingBit
                                     22 ;--------------------------------------------------------
                                     23 ; ram data
                                     24 ;--------------------------------------------------------
                                     25 	.area DATA
                                     26 ;--------------------------------------------------------
                                     27 ; ram data
                                     28 ;--------------------------------------------------------
                                     29 	.area INITIALIZED
                                     30 ;--------------------------------------------------------
                                     31 ; absolute external ram data
                                     32 ;--------------------------------------------------------
                                     33 	.area DABS (ABS)
                                     34 ;--------------------------------------------------------
                                     35 ; global & static initialisations
                                     36 ;--------------------------------------------------------
                                     37 	.area HOME
                                     38 	.area GSINIT
                                     39 	.area GSFINAL
                                     40 	.area GSINIT
                                     41 ;--------------------------------------------------------
                                     42 ; Home
                                     43 ;--------------------------------------------------------
                                     44 	.area HOME
                                     45 	.area HOME
                                     46 ;--------------------------------------------------------
                                     47 ; code
                                     48 ;--------------------------------------------------------
                                     49 	.area CODE
                                     50 ;	lib/uart.c: 5: void UART1_DeInit(void)
                                     51 ;	-----------------------------------------
                                     52 ;	 function UART1_DeInit
                                     53 ;	-----------------------------------------
      000000                         54 _UART1_DeInit:
                                     55 ;	lib/uart.c: 9: (void)UART1->SR;
      000000 AE 52 30         [ 2]   56 	ldw	x, #0x5230
      000003 F6               [ 1]   57 	ld	a, (x)
                                     58 ;	lib/uart.c: 10: (void)UART1->DR;
      000004 AE 52 31         [ 2]   59 	ldw	x, #0x5231
      000007 F6               [ 1]   60 	ld	a, (x)
                                     61 ;	lib/uart.c: 12: UART1->BRR2 = UART1_BRR2_RESET_VALUE;  /* Set UART1_BRR2 to reset value 0x00 */
      000008 35 00 52 33      [ 1]   62 	mov	0x5233+0, #0x00
                                     63 ;	lib/uart.c: 13: UART1->BRR1 = UART1_BRR1_RESET_VALUE;  /* Set UART1_BRR1 to reset value 0x00 */
      00000C 35 00 52 32      [ 1]   64 	mov	0x5232+0, #0x00
                                     65 ;	lib/uart.c: 15: UART1->CR1 = UART1_CR1_RESET_VALUE;  /* Set UART1_CR1 to reset value 0x00 */
      000010 35 00 52 34      [ 1]   66 	mov	0x5234+0, #0x00
                                     67 ;	lib/uart.c: 16: UART1->CR2 = UART1_CR2_RESET_VALUE;  /* Set UART1_CR2 to reset value 0x00 */
      000014 35 00 52 35      [ 1]   68 	mov	0x5235+0, #0x00
                                     69 ;	lib/uart.c: 17: UART1->CR3 = UART1_CR3_RESET_VALUE;  /* Set UART1_CR3 to reset value 0x00 */
      000018 35 00 52 36      [ 1]   70 	mov	0x5236+0, #0x00
                                     71 ;	lib/uart.c: 18: UART1->CR4 = UART1_CR4_RESET_VALUE;  /* Set UART1_CR4 to reset value 0x00 */
      00001C 35 00 52 37      [ 1]   72 	mov	0x5237+0, #0x00
                                     73 ;	lib/uart.c: 19: UART1->CR5 = UART1_CR5_RESET_VALUE;  /* Set UART1_CR5 to reset value 0x00 */
      000020 35 00 52 38      [ 1]   74 	mov	0x5238+0, #0x00
                                     75 ;	lib/uart.c: 21: UART1->GTR = UART1_GTR_RESET_VALUE;
      000024 35 00 52 39      [ 1]   76 	mov	0x5239+0, #0x00
                                     77 ;	lib/uart.c: 22: UART1->PSCR = UART1_PSCR_RESET_VALUE;
      000028 35 00 52 3A      [ 1]   78 	mov	0x523a+0, #0x00
      00002C 81               [ 4]   79 	ret
                                     80 ;	lib/uart.c: 25: void UART1_Init(uint32_t BaudRate, UART1_WordLength_TypeDef WordLength, 
                                     81 ;	-----------------------------------------
                                     82 ;	 function UART1_Init
                                     83 ;	-----------------------------------------
      00002D                         84 _UART1_Init:
      00002D 52 25            [ 2]   85 	sub	sp, #37
                                     86 ;	lib/uart.c: 32: UART1->CR1 &= (uint8_t)(~UART1_CR1_M);  
      00002F AE 52 34         [ 2]   87 	ldw	x, #0x5234
      000032 F6               [ 1]   88 	ld	a, (x)
      000033 A4 EF            [ 1]   89 	and	a, #0xef
      000035 F7               [ 1]   90 	ld	(x), a
                                     91 ;	lib/uart.c: 35: UART1->CR1 |= (uint8_t)WordLength;
      000036 AE 52 34         [ 2]   92 	ldw	x, #0x5234
      000039 F6               [ 1]   93 	ld	a, (x)
      00003A 1A 2C            [ 1]   94 	or	a, (0x2c, sp)
      00003C AE 52 34         [ 2]   95 	ldw	x, #0x5234
      00003F F7               [ 1]   96 	ld	(x), a
                                     97 ;	lib/uart.c: 38: UART1->CR3 &= (uint8_t)(~UART1_CR3_STOP);  
      000040 AE 52 36         [ 2]   98 	ldw	x, #0x5236
      000043 F6               [ 1]   99 	ld	a, (x)
      000044 A4 CF            [ 1]  100 	and	a, #0xcf
      000046 F7               [ 1]  101 	ld	(x), a
                                    102 ;	lib/uart.c: 40: UART1->CR3 |= (uint8_t)StopBits;  
      000047 AE 52 36         [ 2]  103 	ldw	x, #0x5236
      00004A F6               [ 1]  104 	ld	a, (x)
      00004B 1A 2D            [ 1]  105 	or	a, (0x2d, sp)
      00004D AE 52 36         [ 2]  106 	ldw	x, #0x5236
      000050 F7               [ 1]  107 	ld	(x), a
                                    108 ;	lib/uart.c: 43: UART1->CR1 &= (uint8_t)(~(UART1_CR1_PCEN | UART1_CR1_PS  ));  
      000051 AE 52 34         [ 2]  109 	ldw	x, #0x5234
      000054 F6               [ 1]  110 	ld	a, (x)
      000055 A4 F9            [ 1]  111 	and	a, #0xf9
      000057 F7               [ 1]  112 	ld	(x), a
                                    113 ;	lib/uart.c: 45: UART1->CR1 |= (uint8_t)Parity;  
      000058 AE 52 34         [ 2]  114 	ldw	x, #0x5234
      00005B F6               [ 1]  115 	ld	a, (x)
      00005C 1A 2E            [ 1]  116 	or	a, (0x2e, sp)
      00005E AE 52 34         [ 2]  117 	ldw	x, #0x5234
      000061 F7               [ 1]  118 	ld	(x), a
                                    119 ;	lib/uart.c: 48: UART1->BRR1 &= (uint8_t)(~UART1_BRR1_DIVM);  
      000062 AE 52 32         [ 2]  120 	ldw	x, #0x5232
      000065 F6               [ 1]  121 	ld	a, (x)
      000066 35 00 52 32      [ 1]  122 	mov	0x5232+0, #0x00
                                    123 ;	lib/uart.c: 50: UART1->BRR2 &= (uint8_t)(~UART1_BRR2_DIVM);  
      00006A AE 52 33         [ 2]  124 	ldw	x, #0x5233
      00006D F6               [ 1]  125 	ld	a, (x)
      00006E A4 0F            [ 1]  126 	and	a, #0x0f
      000070 F7               [ 1]  127 	ld	(x), a
                                    128 ;	lib/uart.c: 52: UART1->BRR2 &= (uint8_t)(~UART1_BRR2_DIVF);  
      000071 AE 52 33         [ 2]  129 	ldw	x, #0x5233
      000074 F6               [ 1]  130 	ld	a, (x)
      000075 A4 F0            [ 1]  131 	and	a, #0xf0
      000077 F7               [ 1]  132 	ld	(x), a
                                    133 ;	lib/uart.c: 55: BaudRate_Mantissa    = ((uint32_t)CLK_GetClockFreq() / (BaudRate << 4));
      000078 CDr00r00         [ 4]  134 	call	_CLK_GetClockFreq
      00007B 1F 13            [ 2]  135 	ldw	(0x13, sp), x
      00007D 1E 28            [ 2]  136 	ldw	x, (0x28, sp)
      00007F 1F 22            [ 2]  137 	ldw	(0x22, sp), x
      000081 1E 2A            [ 2]  138 	ldw	x, (0x2a, sp)
      000083 A6 04            [ 1]  139 	ld	a, #0x04
      000085                        140 00124$:
      000085 58               [ 2]  141 	sllw	x
      000086 09 23            [ 1]  142 	rlc	(0x23, sp)
      000088 09 22            [ 1]  143 	rlc	(0x22, sp)
      00008A 4A               [ 1]  144 	dec	a
      00008B 26 F8            [ 1]  145 	jrne	00124$
      00008D 1F 24            [ 2]  146 	ldw	(0x24, sp), x
      00008F 1E 24            [ 2]  147 	ldw	x, (0x24, sp)
      000091 89               [ 2]  148 	pushw	x
      000092 1E 24            [ 2]  149 	ldw	x, (0x24, sp)
      000094 89               [ 2]  150 	pushw	x
      000095 1E 17            [ 2]  151 	ldw	x, (0x17, sp)
      000097 89               [ 2]  152 	pushw	x
      000098 90 89            [ 2]  153 	pushw	y
      00009A CDr00r00         [ 4]  154 	call	__divulong
      00009D 5B 08            [ 2]  155 	addw	sp, #8
      00009F 1F 07            [ 2]  156 	ldw	(0x07, sp), x
      0000A1 17 05            [ 2]  157 	ldw	(0x05, sp), y
                                    158 ;	lib/uart.c: 56: BaudRate_Mantissa100 = (((uint32_t)CLK_GetClockFreq() * 100) / (BaudRate << 4));
      0000A3 CDr00r00         [ 4]  159 	call	_CLK_GetClockFreq
      0000A6 89               [ 2]  160 	pushw	x
      0000A7 90 89            [ 2]  161 	pushw	y
      0000A9 4B 64            [ 1]  162 	push	#0x64
      0000AB 5F               [ 1]  163 	clrw	x
      0000AC 89               [ 2]  164 	pushw	x
      0000AD 4B 00            [ 1]  165 	push	#0x00
      0000AF CDr00r00         [ 4]  166 	call	__mullong
      0000B2 5B 08            [ 2]  167 	addw	sp, #8
      0000B4 1F 20            [ 2]  168 	ldw	(0x20, sp), x
      0000B6 1E 24            [ 2]  169 	ldw	x, (0x24, sp)
      0000B8 89               [ 2]  170 	pushw	x
      0000B9 1E 24            [ 2]  171 	ldw	x, (0x24, sp)
      0000BB 89               [ 2]  172 	pushw	x
      0000BC 1E 24            [ 2]  173 	ldw	x, (0x24, sp)
      0000BE 89               [ 2]  174 	pushw	x
      0000BF 90 89            [ 2]  175 	pushw	y
      0000C1 CDr00r00         [ 4]  176 	call	__divulong
      0000C4 5B 08            [ 2]  177 	addw	sp, #8
      0000C6 1F 03            [ 2]  178 	ldw	(0x03, sp), x
      0000C8 17 01            [ 2]  179 	ldw	(0x01, sp), y
                                    180 ;	lib/uart.c: 58: UART1->BRR2 |= (uint8_t)((uint8_t)(((BaudRate_Mantissa100 - (BaudRate_Mantissa * 100)) << 4) / 100) & (uint8_t)0x0F); 
      0000CA AE 52 33         [ 2]  181 	ldw	x, #0x5233
      0000CD F6               [ 1]  182 	ld	a, (x)
      0000CE 6B 1B            [ 1]  183 	ld	(0x1b, sp), a
      0000D0 1E 07            [ 2]  184 	ldw	x, (0x07, sp)
      0000D2 89               [ 2]  185 	pushw	x
      0000D3 1E 07            [ 2]  186 	ldw	x, (0x07, sp)
      0000D5 89               [ 2]  187 	pushw	x
      0000D6 4B 64            [ 1]  188 	push	#0x64
      0000D8 5F               [ 1]  189 	clrw	x
      0000D9 89               [ 2]  190 	pushw	x
      0000DA 4B 00            [ 1]  191 	push	#0x00
      0000DC CDr00r00         [ 4]  192 	call	__mullong
      0000DF 5B 08            [ 2]  193 	addw	sp, #8
      0000E1 1F 0F            [ 2]  194 	ldw	(0x0f, sp), x
      0000E3 17 0D            [ 2]  195 	ldw	(0x0d, sp), y
      0000E5 1E 03            [ 2]  196 	ldw	x, (0x03, sp)
      0000E7 72 F0 0F         [ 2]  197 	subw	x, (0x0f, sp)
      0000EA 1F 0B            [ 2]  198 	ldw	(0x0b, sp), x
      0000EC 7B 02            [ 1]  199 	ld	a, (0x02, sp)
      0000EE 12 0E            [ 1]  200 	sbc	a, (0x0e, sp)
      0000F0 6B 0A            [ 1]  201 	ld	(0x0a, sp), a
      0000F2 7B 01            [ 1]  202 	ld	a, (0x01, sp)
      0000F4 12 0D            [ 1]  203 	sbc	a, (0x0d, sp)
      0000F6 6B 09            [ 1]  204 	ld	(0x09, sp), a
      0000F8 1E 0B            [ 2]  205 	ldw	x, (0x0b, sp)
      0000FA 16 09            [ 2]  206 	ldw	y, (0x09, sp)
      0000FC A6 04            [ 1]  207 	ld	a, #0x04
      0000FE                        208 00126$:
      0000FE 58               [ 2]  209 	sllw	x
      0000FF 90 59            [ 2]  210 	rlcw	y
      000101 4A               [ 1]  211 	dec	a
      000102 26 FA            [ 1]  212 	jrne	00126$
      000104 4B 64            [ 1]  213 	push	#0x64
      000106 4B 00            [ 1]  214 	push	#0x00
      000108 4B 00            [ 1]  215 	push	#0x00
      00010A 4B 00            [ 1]  216 	push	#0x00
      00010C 89               [ 2]  217 	pushw	x
      00010D 90 89            [ 2]  218 	pushw	y
      00010F CDr00r00         [ 4]  219 	call	__divulong
      000112 5B 08            [ 2]  220 	addw	sp, #8
      000114 9F               [ 1]  221 	ld	a, xl
      000115 A4 0F            [ 1]  222 	and	a, #0x0f
      000117 1A 1B            [ 1]  223 	or	a, (0x1b, sp)
      000119 AE 52 33         [ 2]  224 	ldw	x, #0x5233
      00011C F7               [ 1]  225 	ld	(x), a
                                    226 ;	lib/uart.c: 60: UART1->BRR2 |= (uint8_t)((BaudRate_Mantissa >> 4) & (uint8_t)0xF0); 
      00011D AE 52 33         [ 2]  227 	ldw	x, #0x5233
      000120 F6               [ 1]  228 	ld	a, (x)
      000121 6B 1C            [ 1]  229 	ld	(0x1c, sp), a
      000123 1E 07            [ 2]  230 	ldw	x, (0x07, sp)
      000125 16 05            [ 2]  231 	ldw	y, (0x05, sp)
      000127 90 54            [ 2]  232 	srlw	y
      000129 56               [ 2]  233 	rrcw	x
      00012A 90 54            [ 2]  234 	srlw	y
      00012C 56               [ 2]  235 	rrcw	x
      00012D 90 54            [ 2]  236 	srlw	y
      00012F 56               [ 2]  237 	rrcw	x
      000130 90 54            [ 2]  238 	srlw	y
      000132 56               [ 2]  239 	rrcw	x
      000133 9F               [ 1]  240 	ld	a, xl
      000134 A4 F0            [ 1]  241 	and	a, #0xf0
      000136 88               [ 1]  242 	push	a
      000137 5F               [ 1]  243 	clrw	x
      000138 0F 17            [ 1]  244 	clr	(0x17, sp)
      00013A 84               [ 1]  245 	pop	a
      00013B 1A 1C            [ 1]  246 	or	a, (0x1c, sp)
      00013D AE 52 33         [ 2]  247 	ldw	x, #0x5233
      000140 F7               [ 1]  248 	ld	(x), a
                                    249 ;	lib/uart.c: 62: UART1->BRR1 |= (uint8_t)BaudRate_Mantissa;           
      000141 AE 52 32         [ 2]  250 	ldw	x, #0x5232
      000144 F6               [ 1]  251 	ld	a, (x)
      000145 6B 1A            [ 1]  252 	ld	(0x1a, sp), a
      000147 7B 08            [ 1]  253 	ld	a, (0x08, sp)
      000149 1A 1A            [ 1]  254 	or	a, (0x1a, sp)
      00014B AE 52 32         [ 2]  255 	ldw	x, #0x5232
      00014E F7               [ 1]  256 	ld	(x), a
                                    257 ;	lib/uart.c: 65: UART1->CR2 &= (uint8_t)~(UART1_CR2_TEN | UART1_CR2_REN); 
      00014F AE 52 35         [ 2]  258 	ldw	x, #0x5235
      000152 F6               [ 1]  259 	ld	a, (x)
      000153 A4 F3            [ 1]  260 	and	a, #0xf3
      000155 F7               [ 1]  261 	ld	(x), a
                                    262 ;	lib/uart.c: 67: UART1->CR3 &= (uint8_t)~(UART1_CR3_CPOL | UART1_CR3_CPHA | UART1_CR3_LBCL); 
      000156 AE 52 36         [ 2]  263 	ldw	x, #0x5236
      000159 F6               [ 1]  264 	ld	a, (x)
      00015A A4 F8            [ 1]  265 	and	a, #0xf8
      00015C F7               [ 1]  266 	ld	(x), a
                                    267 ;	lib/uart.c: 69: UART1->CR3 |= (uint8_t)((uint8_t)SyncMode & (uint8_t)(UART1_CR3_CPOL | 
      00015D AE 52 36         [ 2]  268 	ldw	x, #0x5236
      000160 F6               [ 1]  269 	ld	a, (x)
      000161 6B 15            [ 1]  270 	ld	(0x15, sp), a
      000163 7B 2F            [ 1]  271 	ld	a, (0x2f, sp)
      000165 A4 07            [ 1]  272 	and	a, #0x07
      000167 1A 15            [ 1]  273 	or	a, (0x15, sp)
      000169 AE 52 36         [ 2]  274 	ldw	x, #0x5236
      00016C F7               [ 1]  275 	ld	(x), a
                                    276 ;	lib/uart.c: 72: if ((uint8_t)(Mode & UART1_MODE_TX_ENABLE))
      00016D 7B 30            [ 1]  277 	ld	a, (0x30, sp)
      00016F A5 04            [ 1]  278 	bcp	a, #0x04
      000171 27 09            [ 1]  279 	jreq	00102$
                                    280 ;	lib/uart.c: 75: UART1->CR2 |= (uint8_t)UART1_CR2_TEN;  
      000173 AE 52 35         [ 2]  281 	ldw	x, #0x5235
      000176 F6               [ 1]  282 	ld	a, (x)
      000177 AA 08            [ 1]  283 	or	a, #0x08
      000179 F7               [ 1]  284 	ld	(x), a
      00017A 20 07            [ 2]  285 	jra	00103$
      00017C                        286 00102$:
                                    287 ;	lib/uart.c: 80: UART1->CR2 &= (uint8_t)(~UART1_CR2_TEN);  
      00017C AE 52 35         [ 2]  288 	ldw	x, #0x5235
      00017F F6               [ 1]  289 	ld	a, (x)
      000180 A4 F7            [ 1]  290 	and	a, #0xf7
      000182 F7               [ 1]  291 	ld	(x), a
      000183                        292 00103$:
                                    293 ;	lib/uart.c: 82: if ((uint8_t)(Mode & UART1_MODE_RX_ENABLE))
      000183 7B 30            [ 1]  294 	ld	a, (0x30, sp)
      000185 A5 08            [ 1]  295 	bcp	a, #0x08
      000187 27 09            [ 1]  296 	jreq	00105$
                                    297 ;	lib/uart.c: 85: UART1->CR2 |= (uint8_t)UART1_CR2_REN;  
      000189 AE 52 35         [ 2]  298 	ldw	x, #0x5235
      00018C F6               [ 1]  299 	ld	a, (x)
      00018D AA 04            [ 1]  300 	or	a, #0x04
      00018F F7               [ 1]  301 	ld	(x), a
      000190 20 07            [ 2]  302 	jra	00106$
      000192                        303 00105$:
                                    304 ;	lib/uart.c: 90: UART1->CR2 &= (uint8_t)(~UART1_CR2_REN);  
      000192 AE 52 35         [ 2]  305 	ldw	x, #0x5235
      000195 F6               [ 1]  306 	ld	a, (x)
      000196 A4 FB            [ 1]  307 	and	a, #0xfb
      000198 F7               [ 1]  308 	ld	(x), a
      000199                        309 00106$:
                                    310 ;	lib/uart.c: 94: if ((uint8_t)(SyncMode & UART1_SYNCMODE_CLOCK_DISABLE))
      000199 0D 2F            [ 1]  311 	tnz	(0x2f, sp)
      00019B 2A 09            [ 1]  312 	jrpl	00108$
                                    313 ;	lib/uart.c: 97: UART1->CR3 &= (uint8_t)(~UART1_CR3_CKEN); 
      00019D AE 52 36         [ 2]  314 	ldw	x, #0x5236
      0001A0 F6               [ 1]  315 	ld	a, (x)
      0001A1 A4 F7            [ 1]  316 	and	a, #0xf7
      0001A3 F7               [ 1]  317 	ld	(x), a
      0001A4 20 10            [ 2]  318 	jra	00110$
      0001A6                        319 00108$:
                                    320 ;	lib/uart.c: 101: UART1->CR3 |= (uint8_t)((uint8_t)SyncMode & UART1_CR3_CKEN);
      0001A6 AE 52 36         [ 2]  321 	ldw	x, #0x5236
      0001A9 F6               [ 1]  322 	ld	a, (x)
      0001AA 6B 1D            [ 1]  323 	ld	(0x1d, sp), a
      0001AC 7B 2F            [ 1]  324 	ld	a, (0x2f, sp)
      0001AE A4 08            [ 1]  325 	and	a, #0x08
      0001B0 1A 1D            [ 1]  326 	or	a, (0x1d, sp)
      0001B2 AE 52 36         [ 2]  327 	ldw	x, #0x5236
      0001B5 F7               [ 1]  328 	ld	(x), a
      0001B6                        329 00110$:
      0001B6 5B 25            [ 2]  330 	addw	sp, #37
      0001B8 81               [ 4]  331 	ret
                                    332 ;	lib/uart.c: 105: void UART1_Cmd(FunctionalState NewState)
                                    333 ;	-----------------------------------------
                                    334 ;	 function UART1_Cmd
                                    335 ;	-----------------------------------------
      0001B9                        336 _UART1_Cmd:
                                    337 ;	lib/uart.c: 107: if (NewState != DISABLE)
      0001B9 0D 03            [ 1]  338 	tnz	(0x03, sp)
      0001BB 27 08            [ 1]  339 	jreq	00102$
                                    340 ;	lib/uart.c: 110: UART1->CR1 &= (uint8_t)(~UART1_CR1_UARTD); 
      0001BD AE 52 34         [ 2]  341 	ldw	x, #0x5234
      0001C0 F6               [ 1]  342 	ld	a, (x)
      0001C1 A4 DF            [ 1]  343 	and	a, #0xdf
      0001C3 F7               [ 1]  344 	ld	(x), a
      0001C4 81               [ 4]  345 	ret
      0001C5                        346 00102$:
                                    347 ;	lib/uart.c: 115: UART1->CR1 |= UART1_CR1_UARTD;  
      0001C5 AE 52 34         [ 2]  348 	ldw	x, #0x5234
      0001C8 F6               [ 1]  349 	ld	a, (x)
      0001C9 AA 20            [ 1]  350 	or	a, #0x20
      0001CB F7               [ 1]  351 	ld	(x), a
      0001CC 81               [ 4]  352 	ret
                                    353 ;	lib/uart.c: 119: void UART1_ITConfig(UART1_IT_TypeDef UART1_IT, FunctionalState NewState)
                                    354 ;	-----------------------------------------
                                    355 ;	 function UART1_ITConfig
                                    356 ;	-----------------------------------------
      0001CD                        357 _UART1_ITConfig:
      0001CD 52 03            [ 2]  358 	sub	sp, #3
                                    359 ;	lib/uart.c: 124: uartreg = (uint8_t)((uint16_t)UART1_IT >> 0x08);
      0001CF 7B 06            [ 1]  360 	ld	a, (0x06, sp)
      0001D1 97               [ 1]  361 	ld	xl, a
      0001D2 4F               [ 1]  362 	clr	a
                                    363 ;	lib/uart.c: 126: itpos = (uint8_t)((uint8_t)1 << (uint8_t)((uint8_t)UART1_IT & (uint8_t)0x0F));
      0001D3 7B 07            [ 1]  364 	ld	a, (0x07, sp)
      0001D5 A4 0F            [ 1]  365 	and	a, #0x0f
      0001D7 95               [ 1]  366 	ld	xh, a
      0001D8 A6 01            [ 1]  367 	ld	a, #0x01
      0001DA 88               [ 1]  368 	push	a
      0001DB 9E               [ 1]  369 	ld	a, xh
      0001DC 4D               [ 1]  370 	tnz	a
      0001DD 27 05            [ 1]  371 	jreq	00139$
      0001DF                        372 00138$:
      0001DF 08 01            [ 1]  373 	sll	(1, sp)
      0001E1 4A               [ 1]  374 	dec	a
      0001E2 26 FB            [ 1]  375 	jrne	00138$
      0001E4                        376 00139$:
      0001E4 84               [ 1]  377 	pop	a
      0001E5 6B 01            [ 1]  378 	ld	(0x01, sp), a
                                    379 ;	lib/uart.c: 131: if (uartreg == 0x01)
      0001E7 9F               [ 1]  380 	ld	a, xl
      0001E8 A1 01            [ 1]  381 	cp	a, #0x01
      0001EA 26 06            [ 1]  382 	jrne	00141$
      0001EC A6 01            [ 1]  383 	ld	a, #0x01
      0001EE 6B 03            [ 1]  384 	ld	(0x03, sp), a
      0001F0 20 02            [ 2]  385 	jra	00142$
      0001F2                        386 00141$:
      0001F2 0F 03            [ 1]  387 	clr	(0x03, sp)
      0001F4                        388 00142$:
                                    389 ;	lib/uart.c: 135: else if (uartreg == 0x02)
      0001F4 9F               [ 1]  390 	ld	a, xl
      0001F5 A1 02            [ 1]  391 	cp	a, #0x02
      0001F7 26 03            [ 1]  392 	jrne	00144$
      0001F9 A6 01            [ 1]  393 	ld	a, #0x01
      0001FB 21                     394 	.byte 0x21
      0001FC                        395 00144$:
      0001FC 4F               [ 1]  396 	clr	a
      0001FD                        397 00145$:
                                    398 ;	lib/uart.c: 128: if (NewState != DISABLE)
      0001FD 0D 08            [ 1]  399 	tnz	(0x08, sp)
      0001FF 27 2B            [ 1]  400 	jreq	00114$
                                    401 ;	lib/uart.c: 131: if (uartreg == 0x01)
      000201 0D 03            [ 1]  402 	tnz	(0x03, sp)
      000203 27 0C            [ 1]  403 	jreq	00105$
                                    404 ;	lib/uart.c: 133: UART1->CR1 |= itpos;
      000205 AE 52 34         [ 2]  405 	ldw	x, #0x5234
      000208 F6               [ 1]  406 	ld	a, (x)
      000209 1A 01            [ 1]  407 	or	a, (0x01, sp)
      00020B AE 52 34         [ 2]  408 	ldw	x, #0x5234
      00020E F7               [ 1]  409 	ld	(x), a
      00020F 20 4B            [ 2]  410 	jra	00116$
      000211                        411 00105$:
                                    412 ;	lib/uart.c: 135: else if (uartreg == 0x02)
      000211 4D               [ 1]  413 	tnz	a
      000212 27 0C            [ 1]  414 	jreq	00102$
                                    415 ;	lib/uart.c: 137: UART1->CR2 |= itpos;
      000214 AE 52 35         [ 2]  416 	ldw	x, #0x5235
      000217 F6               [ 1]  417 	ld	a, (x)
      000218 1A 01            [ 1]  418 	or	a, (0x01, sp)
      00021A AE 52 35         [ 2]  419 	ldw	x, #0x5235
      00021D F7               [ 1]  420 	ld	(x), a
      00021E 20 3C            [ 2]  421 	jra	00116$
      000220                        422 00102$:
                                    423 ;	lib/uart.c: 141: UART1->CR4 |= itpos;
      000220 AE 52 37         [ 2]  424 	ldw	x, #0x5237
      000223 F6               [ 1]  425 	ld	a, (x)
      000224 1A 01            [ 1]  426 	or	a, (0x01, sp)
      000226 AE 52 37         [ 2]  427 	ldw	x, #0x5237
      000229 F7               [ 1]  428 	ld	(x), a
      00022A 20 30            [ 2]  429 	jra	00116$
      00022C                        430 00114$:
                                    431 ;	lib/uart.c: 149: UART1->CR1 &= (uint8_t)(~itpos);
      00022C 88               [ 1]  432 	push	a
      00022D 7B 02            [ 1]  433 	ld	a, (0x02, sp)
      00022F 43               [ 1]  434 	cpl	a
      000230 6B 03            [ 1]  435 	ld	(0x03, sp), a
      000232 84               [ 1]  436 	pop	a
                                    437 ;	lib/uart.c: 147: if (uartreg == 0x01)
      000233 0D 03            [ 1]  438 	tnz	(0x03, sp)
      000235 27 0C            [ 1]  439 	jreq	00111$
                                    440 ;	lib/uart.c: 149: UART1->CR1 &= (uint8_t)(~itpos);
      000237 AE 52 34         [ 2]  441 	ldw	x, #0x5234
      00023A F6               [ 1]  442 	ld	a, (x)
      00023B 14 02            [ 1]  443 	and	a, (0x02, sp)
      00023D AE 52 34         [ 2]  444 	ldw	x, #0x5234
      000240 F7               [ 1]  445 	ld	(x), a
      000241 20 19            [ 2]  446 	jra	00116$
      000243                        447 00111$:
                                    448 ;	lib/uart.c: 151: else if (uartreg == 0x02)
      000243 4D               [ 1]  449 	tnz	a
      000244 27 0C            [ 1]  450 	jreq	00108$
                                    451 ;	lib/uart.c: 153: UART1->CR2 &= (uint8_t)(~itpos);
      000246 AE 52 35         [ 2]  452 	ldw	x, #0x5235
      000249 F6               [ 1]  453 	ld	a, (x)
      00024A 14 02            [ 1]  454 	and	a, (0x02, sp)
      00024C AE 52 35         [ 2]  455 	ldw	x, #0x5235
      00024F F7               [ 1]  456 	ld	(x), a
      000250 20 0A            [ 2]  457 	jra	00116$
      000252                        458 00108$:
                                    459 ;	lib/uart.c: 157: UART1->CR4 &= (uint8_t)(~itpos);
      000252 AE 52 37         [ 2]  460 	ldw	x, #0x5237
      000255 F6               [ 1]  461 	ld	a, (x)
      000256 14 02            [ 1]  462 	and	a, (0x02, sp)
      000258 AE 52 37         [ 2]  463 	ldw	x, #0x5237
      00025B F7               [ 1]  464 	ld	(x), a
      00025C                        465 00116$:
      00025C 5B 03            [ 2]  466 	addw	sp, #3
      00025E 81               [ 4]  467 	ret
                                    468 ;	lib/uart.c: 163: uint8_t UART1_ReceiveData8(void)
                                    469 ;	-----------------------------------------
                                    470 ;	 function UART1_ReceiveData8
                                    471 ;	-----------------------------------------
      00025F                        472 _UART1_ReceiveData8:
                                    473 ;	lib/uart.c: 165: return ((uint8_t)UART1->DR);
      00025F AE 52 31         [ 2]  474 	ldw	x, #0x5231
      000262 F6               [ 1]  475 	ld	a, (x)
      000263 81               [ 4]  476 	ret
                                    477 ;	lib/uart.c: 168: void UART1_SendData8(uint8_t Data)
                                    478 ;	-----------------------------------------
                                    479 ;	 function UART1_SendData8
                                    480 ;	-----------------------------------------
      000264                        481 _UART1_SendData8:
                                    482 ;	lib/uart.c: 171: UART1->DR = Data;
      000264 AE 52 31         [ 2]  483 	ldw	x, #0x5231
      000267 7B 03            [ 1]  484 	ld	a, (0x03, sp)
      000269 F7               [ 1]  485 	ld	(x), a
      00026A 81               [ 4]  486 	ret
                                    487 ;	lib/uart.c: 174: FlagStatus UART1_GetFlagStatus(UART1_Flag_TypeDef UART1_FLAG)
                                    488 ;	-----------------------------------------
                                    489 ;	 function UART1_GetFlagStatus
                                    490 ;	-----------------------------------------
      00026B                        491 _UART1_GetFlagStatus:
      00026B 88               [ 1]  492 	push	a
                                    493 ;	lib/uart.c: 180: if ((UART1->CR4 & (uint8_t)UART1_FLAG) != (uint8_t)0x00)
      00026C 7B 05            [ 1]  494 	ld	a, (0x05, sp)
      00026E 6B 01            [ 1]  495 	ld	(0x01, sp), a
                                    496 ;	lib/uart.c: 178: if (UART1_FLAG == UART1_FLAG_LBDF)
      000270 1E 04            [ 2]  497 	ldw	x, (0x04, sp)
      000272 A3 02 10         [ 2]  498 	cpw	x, #0x0210
      000275 26 10            [ 1]  499 	jrne	00114$
                                    500 ;	lib/uart.c: 180: if ((UART1->CR4 & (uint8_t)UART1_FLAG) != (uint8_t)0x00)
      000277 AE 52 37         [ 2]  501 	ldw	x, #0x5237
      00027A F6               [ 1]  502 	ld	a, (x)
      00027B 14 01            [ 1]  503 	and	a, (0x01, sp)
      00027D 4D               [ 1]  504 	tnz	a
      00027E 27 04            [ 1]  505 	jreq	00102$
                                    506 ;	lib/uart.c: 183: status = SET;
      000280 A6 01            [ 1]  507 	ld	a, #0x01
      000282 20 27            [ 2]  508 	jra	00115$
      000284                        509 00102$:
                                    510 ;	lib/uart.c: 188: status = RESET;
      000284 4F               [ 1]  511 	clr	a
      000285 20 24            [ 2]  512 	jra	00115$
      000287                        513 00114$:
                                    514 ;	lib/uart.c: 191: else if (UART1_FLAG == UART1_FLAG_SBK)
      000287 1E 04            [ 2]  515 	ldw	x, (0x04, sp)
      000289 A3 01 01         [ 2]  516 	cpw	x, #0x0101
      00028C 26 10            [ 1]  517 	jrne	00111$
                                    518 ;	lib/uart.c: 193: if ((UART1->CR2 & (uint8_t)UART1_FLAG) != (uint8_t)0x00)
      00028E AE 52 35         [ 2]  519 	ldw	x, #0x5235
      000291 F6               [ 1]  520 	ld	a, (x)
      000292 14 01            [ 1]  521 	and	a, (0x01, sp)
      000294 4D               [ 1]  522 	tnz	a
      000295 27 04            [ 1]  523 	jreq	00105$
                                    524 ;	lib/uart.c: 196: status = SET;
      000297 A6 01            [ 1]  525 	ld	a, #0x01
      000299 20 10            [ 2]  526 	jra	00115$
      00029B                        527 00105$:
                                    528 ;	lib/uart.c: 201: status = RESET;
      00029B 4F               [ 1]  529 	clr	a
      00029C 20 0D            [ 2]  530 	jra	00115$
      00029E                        531 00111$:
                                    532 ;	lib/uart.c: 206: if ((UART1->SR & (uint8_t)UART1_FLAG) != (uint8_t)0x00)
      00029E AE 52 30         [ 2]  533 	ldw	x, #0x5230
      0002A1 F6               [ 1]  534 	ld	a, (x)
      0002A2 14 01            [ 1]  535 	and	a, (0x01, sp)
      0002A4 4D               [ 1]  536 	tnz	a
      0002A5 27 03            [ 1]  537 	jreq	00108$
                                    538 ;	lib/uart.c: 209: status = SET;
      0002A7 A6 01            [ 1]  539 	ld	a, #0x01
                                    540 ;	lib/uart.c: 214: status = RESET;
      0002A9 21                     541 	.byte 0x21
      0002AA                        542 00108$:
      0002AA 4F               [ 1]  543 	clr	a
      0002AB                        544 00115$:
                                    545 ;	lib/uart.c: 218: return status;
      0002AB 5B 01            [ 2]  546 	addw	sp, #1
      0002AD 81               [ 4]  547 	ret
                                    548 ;	lib/uart.c: 221: void UART1_ClearFlag(UART1_Flag_TypeDef UART1_FLAG)
                                    549 ;	-----------------------------------------
                                    550 ;	 function UART1_ClearFlag
                                    551 ;	-----------------------------------------
      0002AE                        552 _UART1_ClearFlag:
                                    553 ;	lib/uart.c: 224: if (UART1_FLAG == UART1_FLAG_RXNE)
      0002AE 1E 03            [ 2]  554 	ldw	x, (0x03, sp)
      0002B0 A3 00 20         [ 2]  555 	cpw	x, #0x0020
      0002B3 26 05            [ 1]  556 	jrne	00102$
                                    557 ;	lib/uart.c: 226: UART1->SR = (uint8_t)~(UART1_SR_RXNE);
      0002B5 35 DF 52 30      [ 1]  558 	mov	0x5230+0, #0xdf
      0002B9 81               [ 4]  559 	ret
      0002BA                        560 00102$:
                                    561 ;	lib/uart.c: 231: UART1->CR4 &= (uint8_t)~(UART1_CR4_LBDF);
      0002BA AE 52 37         [ 2]  562 	ldw	x, #0x5237
      0002BD F6               [ 1]  563 	ld	a, (x)
      0002BE A4 EF            [ 1]  564 	and	a, #0xef
      0002C0 F7               [ 1]  565 	ld	(x), a
      0002C1 81               [ 4]  566 	ret
                                    567 ;	lib/uart.c: 235: ITStatus UART1_GetITStatus(UART1_IT_TypeDef UART1_IT)
                                    568 ;	-----------------------------------------
                                    569 ;	 function UART1_GetITStatus
                                    570 ;	-----------------------------------------
      0002C2                        571 _UART1_GetITStatus:
      0002C2 52 05            [ 2]  572 	sub	sp, #5
                                    573 ;	lib/uart.c: 244: itpos = (uint8_t)((uint8_t)1 << (uint8_t)((uint8_t)UART1_IT & (uint8_t)0x0F));
      0002C4 7B 09            [ 1]  574 	ld	a, (0x09, sp)
      0002C6 97               [ 1]  575 	ld	xl, a
      0002C7 A4 0F            [ 1]  576 	and	a, #0x0f
      0002C9 95               [ 1]  577 	ld	xh, a
      0002CA A6 01            [ 1]  578 	ld	a, #0x01
      0002CC 88               [ 1]  579 	push	a
      0002CD 9E               [ 1]  580 	ld	a, xh
      0002CE 4D               [ 1]  581 	tnz	a
      0002CF 27 05            [ 1]  582 	jreq	00154$
      0002D1                        583 00153$:
      0002D1 08 01            [ 1]  584 	sll	(1, sp)
      0002D3 4A               [ 1]  585 	dec	a
      0002D4 26 FB            [ 1]  586 	jrne	00153$
      0002D6                        587 00154$:
      0002D6 84               [ 1]  588 	pop	a
      0002D7 6B 02            [ 1]  589 	ld	(0x02, sp), a
                                    590 ;	lib/uart.c: 246: itmask1 = (uint8_t)((uint8_t)UART1_IT >> (uint8_t)4);
      0002D9 9F               [ 1]  591 	ld	a, xl
      0002DA 4E               [ 1]  592 	swap	a
      0002DB A4 0F            [ 1]  593 	and	a, #0x0f
      0002DD 97               [ 1]  594 	ld	xl, a
                                    595 ;	lib/uart.c: 248: itmask2 = (uint8_t)((uint8_t)1 << itmask1);
      0002DE A6 01            [ 1]  596 	ld	a, #0x01
      0002E0 88               [ 1]  597 	push	a
      0002E1 9F               [ 1]  598 	ld	a, xl
      0002E2 4D               [ 1]  599 	tnz	a
      0002E3 27 05            [ 1]  600 	jreq	00156$
      0002E5                        601 00155$:
      0002E5 08 01            [ 1]  602 	sll	(1, sp)
      0002E7 4A               [ 1]  603 	dec	a
      0002E8 26 FB            [ 1]  604 	jrne	00155$
      0002EA                        605 00156$:
      0002EA 84               [ 1]  606 	pop	a
      0002EB 6B 03            [ 1]  607 	ld	(0x03, sp), a
                                    608 ;	lib/uart.c: 251: if (UART1_IT == UART1_IT_PE)
      0002ED 1E 08            [ 2]  609 	ldw	x, (0x08, sp)
      0002EF A3 01 00         [ 2]  610 	cpw	x, #0x0100
      0002F2 26 1C            [ 1]  611 	jrne	00117$
                                    612 ;	lib/uart.c: 254: enablestatus = (uint8_t)((uint8_t)UART1->CR1 & itmask2);
      0002F4 AE 52 34         [ 2]  613 	ldw	x, #0x5234
      0002F7 F6               [ 1]  614 	ld	a, (x)
      0002F8 14 03            [ 1]  615 	and	a, (0x03, sp)
      0002FA 6B 04            [ 1]  616 	ld	(0x04, sp), a
                                    617 ;	lib/uart.c: 257: if (((UART1->SR & itpos) != (uint8_t)0x00) && enablestatus)
      0002FC AE 52 30         [ 2]  618 	ldw	x, #0x5230
      0002FF F6               [ 1]  619 	ld	a, (x)
      000300 14 02            [ 1]  620 	and	a, (0x02, sp)
      000302 4D               [ 1]  621 	tnz	a
      000303 27 08            [ 1]  622 	jreq	00102$
      000305 0D 04            [ 1]  623 	tnz	(0x04, sp)
      000307 27 04            [ 1]  624 	jreq	00102$
                                    625 ;	lib/uart.c: 260: pendingbitstatus = SET;
      000309 A6 01            [ 1]  626 	ld	a, #0x01
      00030B 20 3F            [ 2]  627 	jra	00118$
      00030D                        628 00102$:
                                    629 ;	lib/uart.c: 265: pendingbitstatus = RESET;
      00030D 4F               [ 1]  630 	clr	a
      00030E 20 3C            [ 2]  631 	jra	00118$
      000310                        632 00117$:
                                    633 ;	lib/uart.c: 269: else if (UART1_IT == UART1_IT_LBDF)
      000310 1E 08            [ 2]  634 	ldw	x, (0x08, sp)
      000312 A3 03 46         [ 2]  635 	cpw	x, #0x0346
      000315 26 1C            [ 1]  636 	jrne	00114$
                                    637 ;	lib/uart.c: 272: enablestatus = (uint8_t)((uint8_t)UART1->CR4 & itmask2);
      000317 AE 52 37         [ 2]  638 	ldw	x, #0x5237
      00031A F6               [ 1]  639 	ld	a, (x)
      00031B 14 03            [ 1]  640 	and	a, (0x03, sp)
      00031D 6B 01            [ 1]  641 	ld	(0x01, sp), a
                                    642 ;	lib/uart.c: 274: if (((UART1->CR4 & itpos) != (uint8_t)0x00) && enablestatus)
      00031F AE 52 37         [ 2]  643 	ldw	x, #0x5237
      000322 F6               [ 1]  644 	ld	a, (x)
      000323 14 02            [ 1]  645 	and	a, (0x02, sp)
      000325 4D               [ 1]  646 	tnz	a
      000326 27 08            [ 1]  647 	jreq	00106$
      000328 0D 01            [ 1]  648 	tnz	(0x01, sp)
      00032A 27 04            [ 1]  649 	jreq	00106$
                                    650 ;	lib/uart.c: 277: pendingbitstatus = SET;
      00032C A6 01            [ 1]  651 	ld	a, #0x01
      00032E 20 1C            [ 2]  652 	jra	00118$
      000330                        653 00106$:
                                    654 ;	lib/uart.c: 282: pendingbitstatus = RESET;
      000330 4F               [ 1]  655 	clr	a
      000331 20 19            [ 2]  656 	jra	00118$
      000333                        657 00114$:
                                    658 ;	lib/uart.c: 288: enablestatus = (uint8_t)((uint8_t)UART1->CR2 & itmask2);
      000333 AE 52 35         [ 2]  659 	ldw	x, #0x5235
      000336 F6               [ 1]  660 	ld	a, (x)
      000337 14 03            [ 1]  661 	and	a, (0x03, sp)
      000339 6B 05            [ 1]  662 	ld	(0x05, sp), a
                                    663 ;	lib/uart.c: 290: if (((UART1->SR & itpos) != (uint8_t)0x00) && enablestatus)
      00033B AE 52 30         [ 2]  664 	ldw	x, #0x5230
      00033E F6               [ 1]  665 	ld	a, (x)
      00033F 14 02            [ 1]  666 	and	a, (0x02, sp)
      000341 4D               [ 1]  667 	tnz	a
      000342 27 07            [ 1]  668 	jreq	00110$
      000344 0D 05            [ 1]  669 	tnz	(0x05, sp)
      000346 27 03            [ 1]  670 	jreq	00110$
                                    671 ;	lib/uart.c: 293: pendingbitstatus = SET;
      000348 A6 01            [ 1]  672 	ld	a, #0x01
                                    673 ;	lib/uart.c: 298: pendingbitstatus = RESET;
      00034A 21                     674 	.byte 0x21
      00034B                        675 00110$:
      00034B 4F               [ 1]  676 	clr	a
      00034C                        677 00118$:
                                    678 ;	lib/uart.c: 303: return  pendingbitstatus;
      00034C 5B 05            [ 2]  679 	addw	sp, #5
      00034E 81               [ 4]  680 	ret
                                    681 ;	lib/uart.c: 306: void UART1_ClearITPendingBit(UART1_IT_TypeDef UART1_IT)
                                    682 ;	-----------------------------------------
                                    683 ;	 function UART1_ClearITPendingBit
                                    684 ;	-----------------------------------------
      00034F                        685 _UART1_ClearITPendingBit:
                                    686 ;	lib/uart.c: 309: if (UART1_IT == UART1_IT_RXNE)
      00034F 1E 03            [ 2]  687 	ldw	x, (0x03, sp)
      000351 A3 02 55         [ 2]  688 	cpw	x, #0x0255
      000354 26 05            [ 1]  689 	jrne	00102$
                                    690 ;	lib/uart.c: 311: UART1->SR = (uint8_t)~(UART1_SR_RXNE);
      000356 35 DF 52 30      [ 1]  691 	mov	0x5230+0, #0xdf
      00035A 81               [ 4]  692 	ret
      00035B                        693 00102$:
                                    694 ;	lib/uart.c: 316: UART1->CR4 &= (uint8_t)~(UART1_CR4_LBDF);
      00035B AE 52 37         [ 2]  695 	ldw	x, #0x5237
      00035E F6               [ 1]  696 	ld	a, (x)
      00035F A4 EF            [ 1]  697 	and	a, #0xef
      000361 F7               [ 1]  698 	ld	(x), a
      000362 81               [ 4]  699 	ret
                                    700 	.area CODE
                                    701 	.area INITIALIZER
                                    702 	.area CABS (ABS)
